<!DOCTYPE html PUBLIC "-//W3C//DTD XHTML 1.1//EN" "http://www.w3.org/TR/xhtml11/DTD/xhtml11.dtd">
<html xmlns="http://www.w3.org/1999/xhtml"><head><title>TestNG Report</title><style type="text/css">table {margin-bottom:10px;border-collapse:collapse;empty-cells:show}th,td {border:1px solid #009;padding:.25em .5em}th {vertical-align:bottom}td {vertical-align:top}table a {font-weight:bold}.stripe td {background-color: #E6EBF9}.num {text-align:right}.passedodd td {background-color: #3F3}.passedeven td {background-color: #0A0}.skippedodd td {background-color: #DDD}.skippedeven td {background-color: #CCC}.failedodd td,.attn {background-color: #F33}.failedeven td,.stripe .attn {background-color: #D00}.stacktrace {white-space:pre;font-family:monospace}.totop {font-size:85%;text-align:center;border-bottom:2px solid #000}</style></head><body><table><tr><th>Test</th><th># Passed</th><th># Skipped</th><th># Failed</th><th>Time (ms)</th><th>Included Groups</th><th>Excluded Groups</th></tr><tr><th colspan="7">User acceptance TestSuite</th></tr><tr><td><a href="#t0">Expense Tracker Validattion</a></td><td class="num">0</td><td class="num attn">31</td><td class="num attn">6</td><td class="num">38,351</td><td></td><td></td></tr></table><table><thead><tr><th>Class</th><th>Method</th><th>Start</th><th>Time (ms)</th></tr></thead><tbody><tr><th colspan="4">User acceptance TestSuite</th></tr></tbody><tbody id="t0"><tr><th colspan="4">Expense Tracker Validattion &#8212; failed (configuration methods)</th></tr><tr class="failedeven"><td rowspan="1">testClassPackage.TestClass1</td><td><a href="#m0">SetUp</a></td><td rowspan="1">1741065325123</td><td rowspan="1">0</td></tr><tr><th colspan="4">Expense Tracker Validattion &#8212; failed</th></tr><tr class="failedeven"><td rowspan="6">testClassPackage.TestClass</td><td><a href="#m1">testcase1_create_new_user</a></td><td rowspan="3">1741065306392</td><td rowspan="3">2027</td></tr><tr class="failedeven"><td><a href="#m2">testcase1_create_new_user</a></td></tr><tr class="failedeven"><td><a href="#m3">testcase1_create_new_user</a></td></tr><tr class="failedeven"><td><a href="#m4">testcase2_login_to_tracker</a></td><td rowspan="3">1741065318939</td><td rowspan="3">2017</td></tr><tr class="failedeven"><td><a href="#m5">testcase2_login_to_tracker</a></td></tr><tr class="failedeven"><td><a href="#m6">testcase2_login_to_tracker</a></td></tr><tr><th colspan="4">Expense Tracker Validattion &#8212; skipped (configuration methods)</th></tr><tr class="skippedeven"><td rowspan="1">testClassPackage.TestClass1</td><td><a href="#m7">tearDown</a></td><td rowspan="1">1741065332149</td><td rowspan="1">0</td></tr><tr><th colspan="4">Expense Tracker Validattion &#8212; skipped</th></tr><tr class="skippedeven"><td rowspan="31">testClassPackage.TestClass1</td><td><a href="#m8">testcase1_create_category</a></td><td rowspan="8">1741065332145</td><td rowspan="8">0</td></tr><tr class="skippedeven"><td><a href="#m9">testcase1_create_category</a></td></tr><tr class="skippedeven"><td><a href="#m10">testcase1_create_category</a></td></tr><tr class="skippedeven"><td><a href="#m11">testcase1_create_category</a></td></tr><tr class="skippedeven"><td><a href="#m12">testcase1_create_category</a></td></tr><tr class="skippedeven"><td><a href="#m13">testcase1_create_category</a></td></tr><tr class="skippedeven"><td><a href="#m14">testcase1_create_category</a></td></tr><tr class="skippedeven"><td><a href="#m15">testcase1_create_category</a></td></tr><tr class="skippedeven"><td><a href="#m16">testcase2_edit_category</a></td><td rowspan="1">1741065332145</td><td rowspan="1">0</td></tr><tr class="skippedeven"><td><a href="#m17">testcase3_delete_category</a></td><td rowspan="1">1741065332145</td><td rowspan="1">1</td></tr><tr class="skippedeven"><td><a href="#m18">testcase4_add_expenses</a></td><td rowspan="12">1741065332147</td><td rowspan="12">0</td></tr><tr class="skippedeven"><td><a href="#m19">testcase4_add_expenses</a></td></tr><tr class="skippedeven"><td><a href="#m20">testcase4_add_expenses</a></td></tr><tr class="skippedeven"><td><a href="#m21">testcase4_add_expenses</a></td></tr><tr class="skippedeven"><td><a href="#m22">testcase4_add_expenses</a></td></tr><tr class="skippedeven"><td><a href="#m23">testcase4_add_expenses</a></td></tr><tr class="skippedeven"><td><a href="#m24">testcase4_add_expenses</a></td></tr><tr class="skippedeven"><td><a href="#m25">testcase4_add_expenses</a></td></tr><tr class="skippedeven"><td><a href="#m26">testcase4_add_expenses</a></td></tr><tr class="skippedeven"><td><a href="#m27">testcase4_add_expenses</a></td></tr><tr class="skippedeven"><td><a href="#m28">testcase4_add_expenses</a></td></tr><tr class="skippedeven"><td><a href="#m29">testcase4_add_expenses</a></td></tr><tr class="skippedeven"><td><a href="#m30">testcase5_edit_expenses</a></td><td rowspan="1">1741065332148</td><td rowspan="1">0</td></tr><tr class="skippedeven"><td><a href="#m31">testcase6_delete_expenses</a></td><td rowspan="1">1741065332148</td><td rowspan="1">0</td></tr><tr class="skippedeven"><td><a href="#m32">testcase7_list_expenses</a></td><td rowspan="1">1741065332148</td><td rowspan="1">0</td></tr><tr class="skippedeven"><td><a href="#m33">testcase8_edit_user_account</a></td><td rowspan="5">1741065332149</td><td rowspan="5">0</td></tr><tr class="skippedeven"><td><a href="#m34">testcase8_edit_user_account</a></td></tr><tr class="skippedeven"><td><a href="#m35">testcase8_edit_user_account</a></td></tr><tr class="skippedeven"><td><a href="#m36">testcase8_edit_user_account</a></td></tr><tr class="skippedeven"><td><a href="#m37">testcase8_edit_user_account</a></td></tr><tr class="skippedeven"><td><a href="#m38">testcase9_edit_user_name</a></td><td rowspan="1">1741065332149</td><td rowspan="1">0</td></tr></tbody></table><h2>Expense Tracker Validattion</h2><h3 id="m0">testClassPackage.TestClass1#SetUp</h3><table class="result"><tr><th>Exception</th></tr><tr><td><div class="stacktrace">org.openqa.selenium.NoSuchElementException: no such element: Unable to locate element: {&quot;method&quot;:&quot;css selector&quot;,&quot;selector&quot;:&quot;#login&quot;}
  (Session info: chrome=133.0.6943.142)
For documentation on this error, please visit: https://www.selenium.dev/documentation/webdriver/troubleshooting/errors#no-such-element-exception
Build info: version: &apos;4.19.1&apos;, revision: &apos;abe0ee07dc&apos;
System info: os.name: &apos;Windows 11&apos;, os.arch: &apos;amd64&apos;, os.version: &apos;10.0&apos;, java.version: &apos;21.0.6&apos;
Driver info: org.openqa.selenium.chrome.ChromeDriver
Command: [806535b8d7215865b10129d502c5f435, findElement {using=id, value=login}]
Capabilities {acceptInsecureCerts: false, browserName: chrome, browserVersion: 133.0.6943.142, chrome: {chromedriverVersion: 133.0.6943.141 (2a5d6da0d61..., userDataDir: C:\Users\BENNYJ~1\AppData\L...}, fedcm:accounts: true, goog:chromeOptions: {debuggerAddress: localhost:52606}, networkConnectionEnabled: false, pageLoadStrategy: normal, platformName: windows, proxy: Proxy(), se:cdp: ws://localhost:52606/devtoo..., se:cdpVersion: 133.0.6943.142, setWindowRect: true, strictFileInteractability: false, timeouts: {implicit: 0, pageLoad: 300000, script: 30000}, unhandledPromptBehavior: dismiss and notify, webauthn:extension:credBlob: true, webauthn:extension:largeBlob: true, webauthn:extension:minPinLength: true, webauthn:extension:prf: true, webauthn:virtualAuthenticators: true}
Session ID: 806535b8d7215865b10129d502c5f435
	at org.openqa.selenium.remote.ErrorCodec.decode(ErrorCodec.java:167)
	at org.openqa.selenium.remote.codec.w3c.W3CHttpResponseCodec.decode(W3CHttpResponseCodec.java:138)
	at org.openqa.selenium.remote.codec.w3c.W3CHttpResponseCodec.decode(W3CHttpResponseCodec.java:50)
	at org.openqa.selenium.remote.HttpCommandExecutor.execute(HttpCommandExecutor.java:190)
	at org.openqa.selenium.remote.service.DriverCommandExecutor.invokeExecute(DriverCommandExecutor.java:216)
	at org.openqa.selenium.remote.service.DriverCommandExecutor.execute(DriverCommandExecutor.java:174)
	at org.openqa.selenium.remote.RemoteWebDriver.execute(RemoteWebDriver.java:518)
	at org.openqa.selenium.remote.ElementLocation$ElementFinder$2.findElement(ElementLocation.java:165)
	at org.openqa.selenium.remote.ElementLocation.findElement(ElementLocation.java:66)
	at org.openqa.selenium.remote.RemoteWebDriver.findElement(RemoteWebDriver.java:355)
	at org.openqa.selenium.remote.RemoteWebDriver.findElement(RemoteWebDriver.java:349)
	at pageObjectsPackage.LoginPage.fillUserName(LoginPage.java:19)
	at pageObjectsPackage.LoginPage.loginToExpenseTracker(LoginPage.java:44)
	at testClassPackage.TestClass1.SetUp(TestClass1.java:36)
... Removed 28 stack frames</div></td></tr></table><p class="totop"><a href="#summary">back to summary</a></p><h3 id="m1">testClassPackage.TestClass#testcase1_create_new_user</h3><table class="result"><tr class="param"><th>Parameter #1</th><th>Parameter #2</th><th>Parameter #3</th></tr><tr class="param stripe"><td>Ramesh</td><td>1234</td><td>1234</td></tr><tr><th colspan="3">Exception</th></tr><tr><td colspan="3"><div class="stacktrace">org.openqa.selenium.NoSuchElementException: no such element: Unable to locate element: {&quot;method&quot;:&quot;xpath&quot;,&quot;selector&quot;:&quot;//a[@href=&apos;register.jsp&apos;]&quot;}
  (Session info: chrome=133.0.6943.142)
For documentation on this error, please visit: https://www.selenium.dev/documentation/webdriver/troubleshooting/errors#no-such-element-exception
Build info: version: &apos;4.19.1&apos;, revision: &apos;abe0ee07dc&apos;
System info: os.name: &apos;Windows 11&apos;, os.arch: &apos;amd64&apos;, os.version: &apos;10.0&apos;, java.version: &apos;21.0.6&apos;
Driver info: org.openqa.selenium.chrome.ChromeDriver
Command: [9c3b1be5cc3c2f0b4e8b66cb23a62acd, findElement {using=xpath, value=//a[@href=&apos;register.jsp&apos;]}]
Capabilities {acceptInsecureCerts: false, browserName: chrome, browserVersion: 133.0.6943.142, chrome: {chromedriverVersion: 133.0.6943.141 (2a5d6da0d61..., userDataDir: C:\Users\BENNYJ~1\AppData\L...}, fedcm:accounts: true, goog:chromeOptions: {debuggerAddress: localhost:52486}, networkConnectionEnabled: false, pageLoadStrategy: normal, platformName: windows, proxy: Proxy(), se:cdp: ws://localhost:52486/devtoo..., se:cdpVersion: 133.0.6943.142, setWindowRect: true, strictFileInteractability: false, timeouts: {implicit: 0, pageLoad: 300000, script: 30000}, unhandledPromptBehavior: dismiss and notify, webauthn:extension:credBlob: true, webauthn:extension:largeBlob: true, webauthn:extension:minPinLength: true, webauthn:extension:prf: true, webauthn:virtualAuthenticators: true}
Session ID: 9c3b1be5cc3c2f0b4e8b66cb23a62acd
	at org.openqa.selenium.remote.ErrorCodec.decode(ErrorCodec.java:167)
	at org.openqa.selenium.remote.codec.w3c.W3CHttpResponseCodec.decode(W3CHttpResponseCodec.java:138)
	at org.openqa.selenium.remote.codec.w3c.W3CHttpResponseCodec.decode(W3CHttpResponseCodec.java:50)
	at org.openqa.selenium.remote.HttpCommandExecutor.execute(HttpCommandExecutor.java:190)
	at org.openqa.selenium.remote.service.DriverCommandExecutor.invokeExecute(DriverCommandExecutor.java:216)
	at org.openqa.selenium.remote.service.DriverCommandExecutor.execute(DriverCommandExecutor.java:174)
	at org.openqa.selenium.remote.RemoteWebDriver.execute(RemoteWebDriver.java:518)
	at org.openqa.selenium.remote.ElementLocation$ElementFinder$2.findElement(ElementLocation.java:165)
	at org.openqa.selenium.remote.ElementLocation.findElement(ElementLocation.java:59)
	at org.openqa.selenium.remote.RemoteWebDriver.findElement(RemoteWebDriver.java:355)
	at org.openqa.selenium.remote.RemoteWebDriver.findElement(RemoteWebDriver.java:349)
	at pageObjectsPackage.NewUserRegistrationPage.newUserRegistrationLink(NewUserRegistrationPage.java:20)
	at pageObjectsPackage.NewUserRegistrationPage.newUserRegistration(NewUserRegistrationPage.java:56)
	at testClassPackage.TestClass.testcase1_create_new_user(TestClass.java:48)
... Removed 28 stack frames</div></td></tr></table><p class="totop"><a href="#summary">back to summary</a></p><h3 id="m2">testClassPackage.TestClass#testcase1_create_new_user</h3><table class="result"><tr class="param"><th>Parameter #1</th><th>Parameter #2</th><th>Parameter #3</th></tr><tr class="param stripe"><td>Ramesh1</td><td>1234</td><td>abcd</td></tr><tr><th colspan="3">Exception</th></tr><tr><td colspan="3"><div class="stacktrace">org.openqa.selenium.NoSuchElementException: no such element: Unable to locate element: {&quot;method&quot;:&quot;xpath&quot;,&quot;selector&quot;:&quot;//a[@href=&apos;register.jsp&apos;]&quot;}
  (Session info: chrome=133.0.6943.142)
For documentation on this error, please visit: https://www.selenium.dev/documentation/webdriver/troubleshooting/errors#no-such-element-exception
Build info: version: &apos;4.19.1&apos;, revision: &apos;abe0ee07dc&apos;
System info: os.name: &apos;Windows 11&apos;, os.arch: &apos;amd64&apos;, os.version: &apos;10.0&apos;, java.version: &apos;21.0.6&apos;
Driver info: org.openqa.selenium.chrome.ChromeDriver
Command: [29adc712db41d4b780c522625883a062, findElement {using=xpath, value=//a[@href=&apos;register.jsp&apos;]}]
Capabilities {acceptInsecureCerts: false, browserName: chrome, browserVersion: 133.0.6943.142, chrome: {chromedriverVersion: 133.0.6943.141 (2a5d6da0d61..., userDataDir: C:\Users\BENNYJ~1\AppData\L...}, fedcm:accounts: true, goog:chromeOptions: {debuggerAddress: localhost:52508}, networkConnectionEnabled: false, pageLoadStrategy: normal, platformName: windows, proxy: Proxy(), se:cdp: ws://localhost:52508/devtoo..., se:cdpVersion: 133.0.6943.142, setWindowRect: true, strictFileInteractability: false, timeouts: {implicit: 0, pageLoad: 300000, script: 30000}, unhandledPromptBehavior: dismiss and notify, webauthn:extension:credBlob: true, webauthn:extension:largeBlob: true, webauthn:extension:minPinLength: true, webauthn:extension:prf: true, webauthn:virtualAuthenticators: true}
Session ID: 29adc712db41d4b780c522625883a062
	at org.openqa.selenium.remote.ErrorCodec.decode(ErrorCodec.java:167)
	at org.openqa.selenium.remote.codec.w3c.W3CHttpResponseCodec.decode(W3CHttpResponseCodec.java:138)
	at org.openqa.selenium.remote.codec.w3c.W3CHttpResponseCodec.decode(W3CHttpResponseCodec.java:50)
	at org.openqa.selenium.remote.HttpCommandExecutor.execute(HttpCommandExecutor.java:190)
	at org.openqa.selenium.remote.service.DriverCommandExecutor.invokeExecute(DriverCommandExecutor.java:216)
	at org.openqa.selenium.remote.service.DriverCommandExecutor.execute(DriverCommandExecutor.java:174)
	at org.openqa.selenium.remote.RemoteWebDriver.execute(RemoteWebDriver.java:518)
	at org.openqa.selenium.remote.ElementLocation$ElementFinder$2.findElement(ElementLocation.java:165)
	at org.openqa.selenium.remote.ElementLocation.findElement(ElementLocation.java:59)
	at org.openqa.selenium.remote.RemoteWebDriver.findElement(RemoteWebDriver.java:355)
	at org.openqa.selenium.remote.RemoteWebDriver.findElement(RemoteWebDriver.java:349)
	at pageObjectsPackage.NewUserRegistrationPage.newUserRegistrationLink(NewUserRegistrationPage.java:20)
	at pageObjectsPackage.NewUserRegistrationPage.newUserRegistration(NewUserRegistrationPage.java:56)
	at testClassPackage.TestClass.testcase1_create_new_user(TestClass.java:48)
... Removed 28 stack frames</div></td></tr></table><p class="totop"><a href="#summary">back to summary</a></p><h3 id="m3">testClassPackage.TestClass#testcase1_create_new_user</h3><table class="result"><tr class="param"><th>Parameter #1</th><th>Parameter #2</th><th>Parameter #3</th></tr><tr class="param stripe"><td>Ramesh</td><td>pass1</td><td>pass1</td></tr><tr><th colspan="3">Exception</th></tr><tr><td colspan="3"><div class="stacktrace">org.openqa.selenium.NoSuchElementException: no such element: Unable to locate element: {&quot;method&quot;:&quot;xpath&quot;,&quot;selector&quot;:&quot;//a[@href=&apos;register.jsp&apos;]&quot;}
  (Session info: chrome=133.0.6943.142)
For documentation on this error, please visit: https://www.selenium.dev/documentation/webdriver/troubleshooting/errors#no-such-element-exception
Build info: version: &apos;4.19.1&apos;, revision: &apos;abe0ee07dc&apos;
System info: os.name: &apos;Windows 11&apos;, os.arch: &apos;amd64&apos;, os.version: &apos;10.0&apos;, java.version: &apos;21.0.6&apos;
Driver info: org.openqa.selenium.chrome.ChromeDriver
Command: [5ce461ea11eddde611e688c32e1727b7, findElement {using=xpath, value=//a[@href=&apos;register.jsp&apos;]}]
Capabilities {acceptInsecureCerts: false, browserName: chrome, browserVersion: 133.0.6943.142, chrome: {chromedriverVersion: 133.0.6943.141 (2a5d6da0d61..., userDataDir: C:\Users\BENNYJ~1\AppData\L...}, fedcm:accounts: true, goog:chromeOptions: {debuggerAddress: localhost:52459}, networkConnectionEnabled: false, pageLoadStrategy: normal, platformName: windows, proxy: Proxy(), se:cdp: ws://localhost:52459/devtoo..., se:cdpVersion: 133.0.6943.142, setWindowRect: true, strictFileInteractability: false, timeouts: {implicit: 0, pageLoad: 300000, script: 30000}, unhandledPromptBehavior: dismiss and notify, webauthn:extension:credBlob: true, webauthn:extension:largeBlob: true, webauthn:extension:minPinLength: true, webauthn:extension:prf: true, webauthn:virtualAuthenticators: true}
Session ID: 5ce461ea11eddde611e688c32e1727b7
	at org.openqa.selenium.remote.ErrorCodec.decode(ErrorCodec.java:167)
	at org.openqa.selenium.remote.codec.w3c.W3CHttpResponseCodec.decode(W3CHttpResponseCodec.java:138)
	at org.openqa.selenium.remote.codec.w3c.W3CHttpResponseCodec.decode(W3CHttpResponseCodec.java:50)
	at org.openqa.selenium.remote.HttpCommandExecutor.execute(HttpCommandExecutor.java:190)
	at org.openqa.selenium.remote.service.DriverCommandExecutor.invokeExecute(DriverCommandExecutor.java:216)
	at org.openqa.selenium.remote.service.DriverCommandExecutor.execute(DriverCommandExecutor.java:174)
	at org.openqa.selenium.remote.RemoteWebDriver.execute(RemoteWebDriver.java:518)
	at org.openqa.selenium.remote.ElementLocation$ElementFinder$2.findElement(ElementLocation.java:165)
	at org.openqa.selenium.remote.ElementLocation.findElement(ElementLocation.java:59)
	at org.openqa.selenium.remote.RemoteWebDriver.findElement(RemoteWebDriver.java:355)
	at org.openqa.selenium.remote.RemoteWebDriver.findElement(RemoteWebDriver.java:349)
	at pageObjectsPackage.NewUserRegistrationPage.newUserRegistrationLink(NewUserRegistrationPage.java:20)
	at pageObjectsPackage.NewUserRegistrationPage.newUserRegistration(NewUserRegistrationPage.java:56)
	at testClassPackage.TestClass.testcase1_create_new_user(TestClass.java:48)
... Removed 28 stack frames</div></td></tr></table><p class="totop"><a href="#summary">back to summary</a></p><h3 id="m4">testClassPackage.TestClass#testcase2_login_to_tracker</h3><table class="result"><tr class="param"><th>Parameter #1</th><th>Parameter #2</th></tr><tr class="param stripe"><td>wrongusername</td><td>pass1</td></tr><tr><th colspan="2">Exception</th></tr><tr><td colspan="2"><div class="stacktrace">org.openqa.selenium.NoSuchElementException: no such element: Unable to locate element: {&quot;method&quot;:&quot;css selector&quot;,&quot;selector&quot;:&quot;#login&quot;}
  (Session info: chrome=133.0.6943.142)
For documentation on this error, please visit: https://www.selenium.dev/documentation/webdriver/troubleshooting/errors#no-such-element-exception
Build info: version: &apos;4.19.1&apos;, revision: &apos;abe0ee07dc&apos;
System info: os.name: &apos;Windows 11&apos;, os.arch: &apos;amd64&apos;, os.version: &apos;10.0&apos;, java.version: &apos;21.0.6&apos;
Driver info: org.openqa.selenium.chrome.ChromeDriver
Command: [82763d9df0ad6b4eca555cd4239b5cf0, findElement {using=id, value=login}]
Capabilities {acceptInsecureCerts: false, browserName: chrome, browserVersion: 133.0.6943.142, chrome: {chromedriverVersion: 133.0.6943.141 (2a5d6da0d61..., userDataDir: C:\Users\BENNYJ~1\AppData\L...}, fedcm:accounts: true, goog:chromeOptions: {debuggerAddress: localhost:52562}, networkConnectionEnabled: false, pageLoadStrategy: normal, platformName: windows, proxy: Proxy(), se:cdp: ws://localhost:52562/devtoo..., se:cdpVersion: 133.0.6943.142, setWindowRect: true, strictFileInteractability: false, timeouts: {implicit: 0, pageLoad: 300000, script: 30000}, unhandledPromptBehavior: dismiss and notify, webauthn:extension:credBlob: true, webauthn:extension:largeBlob: true, webauthn:extension:minPinLength: true, webauthn:extension:prf: true, webauthn:virtualAuthenticators: true}
Session ID: 82763d9df0ad6b4eca555cd4239b5cf0
	at org.openqa.selenium.remote.ErrorCodec.decode(ErrorCodec.java:167)
	at org.openqa.selenium.remote.codec.w3c.W3CHttpResponseCodec.decode(W3CHttpResponseCodec.java:138)
	at org.openqa.selenium.remote.codec.w3c.W3CHttpResponseCodec.decode(W3CHttpResponseCodec.java:50)
	at org.openqa.selenium.remote.HttpCommandExecutor.execute(HttpCommandExecutor.java:190)
	at org.openqa.selenium.remote.service.DriverCommandExecutor.invokeExecute(DriverCommandExecutor.java:216)
	at org.openqa.selenium.remote.service.DriverCommandExecutor.execute(DriverCommandExecutor.java:174)
	at org.openqa.selenium.remote.RemoteWebDriver.execute(RemoteWebDriver.java:518)
	at org.openqa.selenium.remote.ElementLocation$ElementFinder$2.findElement(ElementLocation.java:165)
	at org.openqa.selenium.remote.ElementLocation.findElement(ElementLocation.java:66)
	at org.openqa.selenium.remote.RemoteWebDriver.findElement(RemoteWebDriver.java:355)
	at org.openqa.selenium.remote.RemoteWebDriver.findElement(RemoteWebDriver.java:349)
	at pageObjectsPackage.LoginPage.fillUserName(LoginPage.java:19)
	at pageObjectsPackage.LoginPage.loginToExpenseTracker(LoginPage.java:44)
	at testClassPackage.TestClass.testcase2_login_to_tracker(TestClass.java:62)
... Removed 28 stack frames</div></td></tr></table><p class="totop"><a href="#summary">back to summary</a></p><h3 id="m5">testClassPackage.TestClass#testcase2_login_to_tracker</h3><table class="result"><tr class="param"><th>Parameter #1</th><th>Parameter #2</th></tr><tr class="param stripe"><td>Ramesh</td><td>pass1</td></tr><tr><th colspan="2">Exception</th></tr><tr><td colspan="2"><div class="stacktrace">org.openqa.selenium.NoSuchElementException: no such element: Unable to locate element: {&quot;method&quot;:&quot;css selector&quot;,&quot;selector&quot;:&quot;#login&quot;}
  (Session info: chrome=133.0.6943.142)
For documentation on this error, please visit: https://www.selenium.dev/documentation/webdriver/troubleshooting/errors#no-such-element-exception
Build info: version: &apos;4.19.1&apos;, revision: &apos;abe0ee07dc&apos;
System info: os.name: &apos;Windows 11&apos;, os.arch: &apos;amd64&apos;, os.version: &apos;10.0&apos;, java.version: &apos;21.0.6&apos;
Driver info: org.openqa.selenium.chrome.ChromeDriver
Command: [b2b9a81b5c1a45960aee22a9a30e668f, findElement {using=id, value=login}]
Capabilities {acceptInsecureCerts: false, browserName: chrome, browserVersion: 133.0.6943.142, chrome: {chromedriverVersion: 133.0.6943.141 (2a5d6da0d61..., userDataDir: C:\Users\BENNYJ~1\AppData\L...}, fedcm:accounts: true, goog:chromeOptions: {debuggerAddress: localhost:52537}, networkConnectionEnabled: false, pageLoadStrategy: normal, platformName: windows, proxy: Proxy(), se:cdp: ws://localhost:52537/devtoo..., se:cdpVersion: 133.0.6943.142, setWindowRect: true, strictFileInteractability: false, timeouts: {implicit: 0, pageLoad: 300000, script: 30000}, unhandledPromptBehavior: dismiss and notify, webauthn:extension:credBlob: true, webauthn:extension:largeBlob: true, webauthn:extension:minPinLength: true, webauthn:extension:prf: true, webauthn:virtualAuthenticators: true}
Session ID: b2b9a81b5c1a45960aee22a9a30e668f
	at org.openqa.selenium.remote.ErrorCodec.decode(ErrorCodec.java:167)
	at org.openqa.selenium.remote.codec.w3c.W3CHttpResponseCodec.decode(W3CHttpResponseCodec.java:138)
	at org.openqa.selenium.remote.codec.w3c.W3CHttpResponseCodec.decode(W3CHttpResponseCodec.java:50)
	at org.openqa.selenium.remote.HttpCommandExecutor.execute(HttpCommandExecutor.java:190)
	at org.openqa.selenium.remote.service.DriverCommandExecutor.invokeExecute(DriverCommandExecutor.java:216)
	at org.openqa.selenium.remote.service.DriverCommandExecutor.execute(DriverCommandExecutor.java:174)
	at org.openqa.selenium.remote.RemoteWebDriver.execute(RemoteWebDriver.java:518)
	at org.openqa.selenium.remote.ElementLocation$ElementFinder$2.findElement(ElementLocation.java:165)
	at org.openqa.selenium.remote.ElementLocation.findElement(ElementLocation.java:66)
	at org.openqa.selenium.remote.RemoteWebDriver.findElement(RemoteWebDriver.java:355)
	at org.openqa.selenium.remote.RemoteWebDriver.findElement(RemoteWebDriver.java:349)
	at pageObjectsPackage.LoginPage.fillUserName(LoginPage.java:19)
	at pageObjectsPackage.LoginPage.loginToExpenseTracker(LoginPage.java:44)
	at testClassPackage.TestClass.testcase2_login_to_tracker(TestClass.java:62)
... Removed 28 stack frames</div></td></tr></table><p class="totop"><a href="#summary">back to summary</a></p><h3 id="m6">testClassPackage.TestClass#testcase2_login_to_tracker</h3><table class="result"><tr class="param"><th>Parameter #1</th><th>Parameter #2</th></tr><tr class="param stripe"><td>Ramesh</td><td>wrongpassword</td></tr><tr><th colspan="2">Exception</th></tr><tr><td colspan="2"><div class="stacktrace">org.openqa.selenium.NoSuchElementException: no such element: Unable to locate element: {&quot;method&quot;:&quot;css selector&quot;,&quot;selector&quot;:&quot;#login&quot;}
  (Session info: chrome=133.0.6943.142)
For documentation on this error, please visit: https://www.selenium.dev/documentation/webdriver/troubleshooting/errors#no-such-element-exception
Build info: version: &apos;4.19.1&apos;, revision: &apos;abe0ee07dc&apos;
System info: os.name: &apos;Windows 11&apos;, os.arch: &apos;amd64&apos;, os.version: &apos;10.0&apos;, java.version: &apos;21.0.6&apos;
Driver info: org.openqa.selenium.chrome.ChromeDriver
Command: [7b18eaaffe6af1e458407bf933e436af, findElement {using=id, value=login}]
Capabilities {acceptInsecureCerts: false, browserName: chrome, browserVersion: 133.0.6943.142, chrome: {chromedriverVersion: 133.0.6943.141 (2a5d6da0d61..., userDataDir: C:\Users\BENNYJ~1\AppData\L...}, fedcm:accounts: true, goog:chromeOptions: {debuggerAddress: localhost:52582}, networkConnectionEnabled: false, pageLoadStrategy: normal, platformName: windows, proxy: Proxy(), se:cdp: ws://localhost:52582/devtoo..., se:cdpVersion: 133.0.6943.142, setWindowRect: true, strictFileInteractability: false, timeouts: {implicit: 0, pageLoad: 300000, script: 30000}, unhandledPromptBehavior: dismiss and notify, webauthn:extension:credBlob: true, webauthn:extension:largeBlob: true, webauthn:extension:minPinLength: true, webauthn:extension:prf: true, webauthn:virtualAuthenticators: true}
Session ID: 7b18eaaffe6af1e458407bf933e436af
	at org.openqa.selenium.remote.ErrorCodec.decode(ErrorCodec.java:167)
	at org.openqa.selenium.remote.codec.w3c.W3CHttpResponseCodec.decode(W3CHttpResponseCodec.java:138)
	at org.openqa.selenium.remote.codec.w3c.W3CHttpResponseCodec.decode(W3CHttpResponseCodec.java:50)
	at org.openqa.selenium.remote.HttpCommandExecutor.execute(HttpCommandExecutor.java:190)
	at org.openqa.selenium.remote.service.DriverCommandExecutor.invokeExecute(DriverCommandExecutor.java:216)
	at org.openqa.selenium.remote.service.DriverCommandExecutor.execute(DriverCommandExecutor.java:174)
	at org.openqa.selenium.remote.RemoteWebDriver.execute(RemoteWebDriver.java:518)
	at org.openqa.selenium.remote.ElementLocation$ElementFinder$2.findElement(ElementLocation.java:165)
	at org.openqa.selenium.remote.ElementLocation.findElement(ElementLocation.java:66)
	at org.openqa.selenium.remote.RemoteWebDriver.findElement(RemoteWebDriver.java:355)
	at org.openqa.selenium.remote.RemoteWebDriver.findElement(RemoteWebDriver.java:349)
	at pageObjectsPackage.LoginPage.fillUserName(LoginPage.java:19)
	at pageObjectsPackage.LoginPage.loginToExpenseTracker(LoginPage.java:44)
	at testClassPackage.TestClass.testcase2_login_to_tracker(TestClass.java:62)
... Removed 28 stack frames</div></td></tr></table><p class="totop"><a href="#summary">back to summary</a></p><h3 id="m7">testClassPackage.TestClass1#tearDown</h3><table class="result"></table><p class="totop"><a href="#summary">back to summary</a></p><h3 id="m8">testClassPackage.TestClass1#testcase1_create_category</h3><table class="result"><tr class="param"><th>Parameter #1</th></tr><tr class="param stripe"><td>hostel fee</td></tr></table><p class="totop"><a href="#summary">back to summary</a></p><h3 id="m9">testClassPackage.TestClass1#testcase1_create_category</h3><table class="result"><tr class="param"><th>Parameter #1</th></tr><tr class="param stripe"><td>education loan</td></tr></table><p class="totop"><a href="#summary">back to summary</a></p><h3 id="m10">testClassPackage.TestClass1#testcase1_create_category</h3><table class="result"><tr class="param"><th>Parameter #1</th></tr><tr class="param stripe"><td>Home loan</td></tr></table><p class="totop"><a href="#summary">back to summary</a></p><h3 id="m11">testClassPackage.TestClass1#testcase1_create_category</h3><table class="result"><tr class="param"><th>Parameter #1</th></tr><tr class="param stripe"><td>bmw</td></tr></table><p class="totop"><a href="#summary">back to summary</a></p><h3 id="m12">testClassPackage.TestClass1#testcase1_create_category</h3><table class="result"><tr class="param"><th>Parameter #1</th></tr><tr class="param stripe"><td>audi</td></tr></table><p class="totop"><a href="#summary">back to summary</a></p><h3 id="m13">testClassPackage.TestClass1#testcase1_create_category</h3><table class="result"><tr class="param"><th>Parameter #1</th></tr><tr class="param stripe"><td>benz</td></tr></table><p class="totop"><a href="#summary">back to summary</a></p><h3 id="m14">testClassPackage.TestClass1#testcase1_create_category</h3><table class="result"><tr class="param"><th>Parameter #1</th></tr><tr class="param stripe"><td>honda</td></tr></table><p class="totop"><a href="#summary">back to summary</a></p><h3 id="m15">testClassPackage.TestClass1#testcase1_create_category</h3><table class="result"><tr class="param"><th>Parameter #1</th></tr><tr class="param stripe"><td>school fee</td></tr></table><p class="totop"><a href="#summary">back to summary</a></p><h3 id="m16">testClassPackage.TestClass1#testcase2_edit_category</h3><table class="result"></table><p class="totop"><a href="#summary">back to summary</a></p><h3 id="m17">testClassPackage.TestClass1#testcase3_delete_category</h3><table class="result"></table><p class="totop"><a href="#summary">back to summary</a></p><h3 id="m18">testClassPackage.TestClass1#testcase4_add_expenses</h3><table class="result"><tr class="param"><th>Parameter #1</th><th>Parameter #2</th><th>Parameter #3</th><th>Parameter #4</th><th>Parameter #5</th><th>Parameter #6</th></tr><tr class="param stripe"><td>13</td><td>11</td><td>2010</td><td>education loan</td><td>200</td><td>Barrowed</td></tr></table><p class="totop"><a href="#summary">back to summary</a></p><h3 id="m19">testClassPackage.TestClass1#testcase4_add_expenses</h3><table class="result"><tr class="param"><th>Parameter #1</th><th>Parameter #2</th><th>Parameter #3</th><th>Parameter #4</th><th>Parameter #5</th><th>Parameter #6</th></tr><tr class="param stripe"><td>13</td><td>11</td><td>2010</td><td>school fee</td><td>200</td><td>Barrowed</td></tr></table><p class="totop"><a href="#summary">back to summary</a></p><h3 id="m20">testClassPackage.TestClass1#testcase4_add_expenses</h3><table class="result"><tr class="param"><th>Parameter #1</th><th>Parameter #2</th><th>Parameter #3</th><th>Parameter #4</th><th>Parameter #5</th><th>Parameter #6</th></tr><tr class="param stripe"><td>13</td><td>11</td><td>2010</td><td>benz</td><td>200</td><td>Purchaged</td></tr></table><p class="totop"><a href="#summary">back to summary</a></p><h3 id="m21">testClassPackage.TestClass1#testcase4_add_expenses</h3><table class="result"><tr class="param"><th>Parameter #1</th><th>Parameter #2</th><th>Parameter #3</th><th>Parameter #4</th><th>Parameter #5</th><th>Parameter #6</th></tr><tr class="param stripe"><td>13</td><td>10</td><td>2012</td><td>honda</td><td>200</td><td>Purchaged</td></tr></table><p class="totop"><a href="#summary">back to summary</a></p><h3 id="m22">testClassPackage.TestClass1#testcase4_add_expenses</h3><table class="result"><tr class="param"><th>Parameter #1</th><th>Parameter #2</th><th>Parameter #3</th><th>Parameter #4</th><th>Parameter #5</th><th>Parameter #6</th></tr><tr class="param stripe"><td>13</td><td>10</td><td>2000</td><td>audi</td><td>200</td><td>Purchaged</td></tr></table><p class="totop"><a href="#summary">back to summary</a></p><h3 id="m23">testClassPackage.TestClass1#testcase4_add_expenses</h3><table class="result"><tr class="param"><th>Parameter #1</th><th>Parameter #2</th><th>Parameter #3</th><th>Parameter #4</th><th>Parameter #5</th><th>Parameter #6</th></tr><tr class="param stripe"><td>13</td><td>12</td><td>2011</td><td>school fee</td><td>200</td><td>Paid</td></tr></table><p class="totop"><a href="#summary">back to summary</a></p><h3 id="m24">testClassPackage.TestClass1#testcase4_add_expenses</h3><table class="result"><tr class="param"><th>Parameter #1</th><th>Parameter #2</th><th>Parameter #3</th><th>Parameter #4</th><th>Parameter #5</th><th>Parameter #6</th></tr><tr class="param stripe"><td>13</td><td>12</td><td>2011</td><td>hostel fee</td><td>200</td><td>Paid</td></tr></table><p class="totop"><a href="#summary">back to summary</a></p><h3 id="m25">testClassPackage.TestClass1#testcase4_add_expenses</h3><table class="result"><tr class="param"><th>Parameter #1</th><th>Parameter #2</th><th>Parameter #3</th><th>Parameter #4</th><th>Parameter #5</th><th>Parameter #6</th></tr><tr class="param stripe"><td>13</td><td>10</td><td>2000</td><td>honda</td><td>200</td><td>Purchaged</td></tr></table><p class="totop"><a href="#summary">back to summary</a></p><h3 id="m26">testClassPackage.TestClass1#testcase4_add_expenses</h3><table class="result"><tr class="param"><th>Parameter #1</th><th>Parameter #2</th><th>Parameter #3</th><th>Parameter #4</th><th>Parameter #5</th><th>Parameter #6</th></tr><tr class="param stripe"><td>13</td><td>10</td><td>2012</td><td>bmw</td><td>200</td><td>Purchaged</td></tr></table><p class="totop"><a href="#summary">back to summary</a></p><h3 id="m27">testClassPackage.TestClass1#testcase4_add_expenses</h3><table class="result"><tr class="param"><th>Parameter #1</th><th>Parameter #2</th><th>Parameter #3</th><th>Parameter #4</th><th>Parameter #5</th><th>Parameter #6</th></tr><tr class="param stripe"><td>13</td><td>10</td><td>2000</td><td>bmw</td><td>200</td><td>Purchaged</td></tr></table><p class="totop"><a href="#summary">back to summary</a></p><h3 id="m28">testClassPackage.TestClass1#testcase4_add_expenses</h3><table class="result"><tr class="param"><th>Parameter #1</th><th>Parameter #2</th><th>Parameter #3</th><th>Parameter #4</th><th>Parameter #5</th><th>Parameter #6</th></tr><tr class="param stripe"><td>13</td><td>11</td><td>2013</td><td>benz</td><td>200</td><td>Purchaged</td></tr></table><p class="totop"><a href="#summary">back to summary</a></p><h3 id="m29">testClassPackage.TestClass1#testcase4_add_expenses</h3><table class="result"><tr class="param"><th>Parameter #1</th><th>Parameter #2</th><th>Parameter #3</th><th>Parameter #4</th><th>Parameter #5</th><th>Parameter #6</th></tr><tr class="param stripe"><td>13</td><td>10</td><td>2012</td><td>audi</td><td>200</td><td>Purchaged</td></tr></table><p class="totop"><a href="#summary">back to summary</a></p><h3 id="m30">testClassPackage.TestClass1#testcase5_edit_expenses</h3><table class="result"></table><p class="totop"><a href="#summary">back to summary</a></p><h3 id="m31">testClassPackage.TestClass1#testcase6_delete_expenses</h3><table class="result"></table><p class="totop"><a href="#summary">back to summary</a></p><h3 id="m32">testClassPackage.TestClass1#testcase7_list_expenses</h3><table class="result"></table><p class="totop"><a href="#summary">back to summary</a></p><h3 id="m33">testClassPackage.TestClass1#testcase8_edit_user_account</h3><table class="result"><tr class="param"><th>Parameter #1</th><th>Parameter #2</th><th>Parameter #3</th></tr><tr class="param stripe"><td>pass1</td><td>pass2</td><td> </td></tr></table><p class="totop"><a href="#summary">back to summary</a></p><h3 id="m34">testClassPackage.TestClass1#testcase8_edit_user_account</h3><table class="result"><tr class="param"><th>Parameter #1</th><th>Parameter #2</th><th>Parameter #3</th></tr><tr class="param stripe"><td>pass1 </td><td> </td><td>pass2</td></tr></table><p class="totop"><a href="#summary">back to summary</a></p><h3 id="m35">testClassPackage.TestClass1#testcase8_edit_user_account</h3><table class="result"><tr class="param"><th>Parameter #1</th><th>Parameter #2</th><th>Parameter #3</th></tr><tr class="param stripe"><td> </td><td>pass2</td><td>pass2</td></tr></table><p class="totop"><a href="#summary">back to summary</a></p><h3 id="m36">testClassPackage.TestClass1#testcase8_edit_user_account</h3><table class="result"><tr class="param"><th>Parameter #1</th><th>Parameter #2</th><th>Parameter #3</th></tr><tr class="param stripe"><td>pass1</td><td>pass2</td><td>pass2</td></tr></table><p class="totop"><a href="#summary">back to summary</a></p><h3 id="m37">testClassPackage.TestClass1#testcase8_edit_user_account</h3><table class="result"><tr class="param"><th>Parameter #1</th><th>Parameter #2</th><th>Parameter #3</th></tr><tr class="param stripe"><td>pass1</td><td>pass2</td><td>pass3</td></tr></table><p class="totop"><a href="#summary">back to summary</a></p><h3 id="m38">testClassPackage.TestClass1#testcase9_edit_user_name</h3><table class="result"></table><p class="totop"><a href="#summary">back to summary</a></p></body></html>