<!DOCTYPE html>

<html>
  <head>
  <title>TestNG reports</title>

    <link type="text/css" href="testng-reports.css" rel="stylesheet" />  
    <script type="text/javascript" src="jquery-1.7.1.min.js"></script>
    <script type="text/javascript" src="testng-reports.js"></script>
    <script type="text/javascript" src="https://www.google.com/jsapi"></script>
    <script type='text/javascript'>
      google.load('visualization', '1', {packages:['table']});
      google.setOnLoadCallback(drawTable);
      var suiteTableInitFunctions = new Array();
      var suiteTableData = new Array();
    </script>
    <!--
      <script type="text/javascript" src="jquery-ui/js/jquery-ui-1.8.16.custom.min.js"></script>
     -->
  </head>

  <body>
    <div class="top-banner-root">
      <span class="top-banner-title-font">Test results</span>
      <br/>
      <span class="top-banner-font-1">1 suite, 6 failed tests</span>
    </div> <!-- top-banner-root -->
    <div class="navigator-root">
      <div class="navigator-suite-header">
        <span>All suites</span>
        <a href="#" title="Collapse/expand all the suites" class="collapse-all-link">
          <img src="collapseall.gif" class="collapse-all-icon">
          </img> <!-- collapse-all-icon -->
        </a> <!-- collapse-all-link -->
      </div> <!-- navigator-suite-header -->
      <div class="suite">
        <div class="rounded-window">
          <div class="suite-header light-rounded-window-top">
            <a href="#" panel-name="suite-User_acceptance_TestSuite" class="navigator-link">
              <span class="suite-name border-failed">User acceptance TestSuite</span>
            </a> <!-- navigator-link -->
          </div> <!-- suite-header light-rounded-window-top -->
          <div class="navigator-suite-content">
            <div class="suite-section-title">
              <span>Info</span>
            </div> <!-- suite-section-title -->
            <div class="suite-section-content">
              <ul>
                <li>
                  <a href="#" panel-name="test-xml-User_acceptance_TestSuite" class="navigator-link ">
                    <span>C:\Users\bennyjose_br\OneDrive - EPAM\TEST PROJECT\TestNGFramework\TestNG.xml</span>
                  </a> <!-- navigator-link  -->
                </li>
                <li>
                  <a href="#" panel-name="testlist-User_acceptance_TestSuite" class="navigator-link ">
                    <span class="test-stats">1 test</span>
                  </a> <!-- navigator-link  -->
                </li>
                <li>
                  <a href="#" panel-name="group-User_acceptance_TestSuite" class="navigator-link ">
                    <span>0 groups</span>
                  </a> <!-- navigator-link  -->
                </li>
                <li>
                  <a href="#" panel-name="times-User_acceptance_TestSuite" class="navigator-link ">
                    <span>Times</span>
                  </a> <!-- navigator-link  -->
                </li>
                <li>
                  <a href="#" panel-name="reporter-User_acceptance_TestSuite" class="navigator-link ">
                    <span>Reporter output</span>
                  </a> <!-- navigator-link  -->
                </li>
                <li>
                  <a href="#" panel-name="ignored-methods-User_acceptance_TestSuite" class="navigator-link ">
                    <span>Ignored methods</span>
                  </a> <!-- navigator-link  -->
                </li>
                <li>
                  <a href="#" panel-name="chronological-User_acceptance_TestSuite" class="navigator-link ">
                    <span>Chronological view</span>
                  </a> <!-- navigator-link  -->
                </li>
              </ul>
            </div> <!-- suite-section-content -->
            <div class="result-section">
              <div class="suite-section-title">
                <span>Results</span>
              </div> <!-- suite-section-title -->
              <div class="suite-section-content">
                <ul>
                  <li>
                    <span class="method-stats">37 methods, 6 failed,  31 skipped,  </span>
                  </li>
                  <li>
                    <span class="method-list-title failed">Failed methods</span>
                    <span class="show-or-hide-methods failed">
                      <a href="#" panel-name="suite-User_acceptance_TestSuite" class="hide-methods failed suite-User_acceptance_TestSuite"> (hide)</a> <!-- hide-methods failed suite-User_acceptance_TestSuite -->
                      <a href="#" panel-name="suite-User_acceptance_TestSuite" class="show-methods failed suite-User_acceptance_TestSuite"> (show)</a> <!-- show-methods failed suite-User_acceptance_TestSuite -->
                    </span>
                    <div class="method-list-content failed suite-User_acceptance_TestSuite">
                      <span>
                        <img src="failed.png" width="3%"/>
                        <a href="#" panel-name="suite-User_acceptance_TestSuite" title="testClassPackage.TestClass" class="method navigator-link" hash-for-method="testcase1_create_new_user(Ramesh, 1234, 1234)">testcase1_create_new_user(Ramesh, 1234, 1234)</a> <!-- method navigator-link -->
                      </span>
                      <br/>
                      <span>
                        <img src="failed.png" width="3%"/>
                        <a href="#" panel-name="suite-User_acceptance_TestSuite" title="testClassPackage.TestClass" class="method navigator-link" hash-for-method="testcase1_create_new_user(Ramesh1, 1234, abcd)">testcase1_create_new_user(Ramesh1, 1234, abcd)</a> <!-- method navigator-link -->
                      </span>
                      <br/>
                      <span>
                        <img src="failed.png" width="3%"/>
                        <a href="#" panel-name="suite-User_acceptance_TestSuite" title="testClassPackage.TestClass" class="method navigator-link" hash-for-method="testcase1_create_new_user(Ramesh, pass1, pass1)">testcase1_create_new_user(Ramesh, pass1, pass1)</a> <!-- method navigator-link -->
                      </span>
                      <br/>
                      <span>
                        <img src="failed.png" width="3%"/>
                        <a href="#" panel-name="suite-User_acceptance_TestSuite" title="testClassPackage.TestClass" class="method navigator-link" hash-for-method="testcase2_login_to_tracker(wrongusername, pass1)">testcase2_login_to_tracker(wrongusername, pass1)</a> <!-- method navigator-link -->
                      </span>
                      <br/>
                      <span>
                        <img src="failed.png" width="3%"/>
                        <a href="#" panel-name="suite-User_acceptance_TestSuite" title="testClassPackage.TestClass" class="method navigator-link" hash-for-method="testcase2_login_to_tracker(Ramesh, pass1)">testcase2_login_to_tracker(Ramesh, pass1)</a> <!-- method navigator-link -->
                      </span>
                      <br/>
                      <span>
                        <img src="failed.png" width="3%"/>
                        <a href="#" panel-name="suite-User_acceptance_TestSuite" title="testClassPackage.TestClass" class="method navigator-link" hash-for-method="testcase2_login_to_tracker(Ramesh, wrongpassword)">testcase2_login_to_tracker(Ramesh, wrongpassword)</a> <!-- method navigator-link -->
                      </span>
                      <br/>
                    </div> <!-- method-list-content failed suite-User_acceptance_TestSuite -->
                  </li>
                  <li>
                    <span class="method-list-title skipped">Skipped methods</span>
                    <span class="show-or-hide-methods skipped">
                      <a href="#" panel-name="suite-User_acceptance_TestSuite" class="hide-methods skipped suite-User_acceptance_TestSuite"> (hide)</a> <!-- hide-methods skipped suite-User_acceptance_TestSuite -->
                      <a href="#" panel-name="suite-User_acceptance_TestSuite" class="show-methods skipped suite-User_acceptance_TestSuite"> (show)</a> <!-- show-methods skipped suite-User_acceptance_TestSuite -->
                    </span>
                    <div class="method-list-content skipped suite-User_acceptance_TestSuite">
                      <span>
                        <img src="skipped.png" width="3%"/>
                        <a href="#" panel-name="suite-User_acceptance_TestSuite" title="testClassPackage.TestClass1" class="method navigator-link" hash-for-method="testcase1_create_category(hostel fee)">testcase1_create_category(hostel fee)</a> <!-- method navigator-link -->
                      </span>
                      <br/>
                      <span>
                        <img src="skipped.png" width="3%"/>
                        <a href="#" panel-name="suite-User_acceptance_TestSuite" title="testClassPackage.TestClass1" class="method navigator-link" hash-for-method="testcase1_create_category(education loan)">testcase1_create_category(education loan)</a> <!-- method navigator-link -->
                      </span>
                      <br/>
                      <span>
                        <img src="skipped.png" width="3%"/>
                        <a href="#" panel-name="suite-User_acceptance_TestSuite" title="testClassPackage.TestClass1" class="method navigator-link" hash-for-method="testcase1_create_category(Home loan)">testcase1_create_category(Home loan)</a> <!-- method navigator-link -->
                      </span>
                      <br/>
                      <span>
                        <img src="skipped.png" width="3%"/>
                        <a href="#" panel-name="suite-User_acceptance_TestSuite" title="testClassPackage.TestClass1" class="method navigator-link" hash-for-method="testcase1_create_category(bmw)">testcase1_create_category(bmw)</a> <!-- method navigator-link -->
                      </span>
                      <br/>
                      <span>
                        <img src="skipped.png" width="3%"/>
                        <a href="#" panel-name="suite-User_acceptance_TestSuite" title="testClassPackage.TestClass1" class="method navigator-link" hash-for-method="testcase1_create_category(audi)">testcase1_create_category(audi)</a> <!-- method navigator-link -->
                      </span>
                      <br/>
                      <span>
                        <img src="skipped.png" width="3%"/>
                        <a href="#" panel-name="suite-User_acceptance_TestSuite" title="testClassPackage.TestClass1" class="method navigator-link" hash-for-method="testcase1_create_category(benz)">testcase1_create_category(benz)</a> <!-- method navigator-link -->
                      </span>
                      <br/>
                      <span>
                        <img src="skipped.png" width="3%"/>
                        <a href="#" panel-name="suite-User_acceptance_TestSuite" title="testClassPackage.TestClass1" class="method navigator-link" hash-for-method="testcase1_create_category(honda)">testcase1_create_category(honda)</a> <!-- method navigator-link -->
                      </span>
                      <br/>
                      <span>
                        <img src="skipped.png" width="3%"/>
                        <a href="#" panel-name="suite-User_acceptance_TestSuite" title="testClassPackage.TestClass1" class="method navigator-link" hash-for-method="testcase1_create_category(school fee)">testcase1_create_category(school fee)</a> <!-- method navigator-link -->
                      </span>
                      <br/>
                      <span>
                        <img src="skipped.png" width="3%"/>
                        <a href="#" panel-name="suite-User_acceptance_TestSuite" title="testClassPackage.TestClass1" class="method navigator-link" hash-for-method="testcase2_edit_category">testcase2_edit_category</a> <!-- method navigator-link -->
                      </span>
                      <br/>
                      <span>
                        <img src="skipped.png" width="3%"/>
                        <a href="#" panel-name="suite-User_acceptance_TestSuite" title="testClassPackage.TestClass1" class="method navigator-link" hash-for-method="testcase3_delete_category">testcase3_delete_category</a> <!-- method navigator-link -->
                      </span>
                      <br/>
                      <span>
                        <img src="skipped.png" width="3%"/>
                        <a href="#" panel-name="suite-User_acceptance_TestSuite" title="testClassPackage.TestClass1" class="method navigator-link" hash-for-method="testcase4_add_expenses(13, 11, 2010, education loan, 200, Barrowed)">testcase4_add_expenses(13, 11, 2010, education loan, 200, Barrowed)</a> <!-- method navigator-link -->
                      </span>
                      <br/>
                      <span>
                        <img src="skipped.png" width="3%"/>
                        <a href="#" panel-name="suite-User_acceptance_TestSuite" title="testClassPackage.TestClass1" class="method navigator-link" hash-for-method="testcase4_add_expenses(13, 11, 2010, school fee, 200, Barrowed)">testcase4_add_expenses(13, 11, 2010, school fee, 200, Barrowed)</a> <!-- method navigator-link -->
                      </span>
                      <br/>
                      <span>
                        <img src="skipped.png" width="3%"/>
                        <a href="#" panel-name="suite-User_acceptance_TestSuite" title="testClassPackage.TestClass1" class="method navigator-link" hash-for-method="testcase4_add_expenses(13, 11, 2010, benz, 200, Purchaged)">testcase4_add_expenses(13, 11, 2010, benz, 200, Purchaged)</a> <!-- method navigator-link -->
                      </span>
                      <br/>
                      <span>
                        <img src="skipped.png" width="3%"/>
                        <a href="#" panel-name="suite-User_acceptance_TestSuite" title="testClassPackage.TestClass1" class="method navigator-link" hash-for-method="testcase4_add_expenses(13, 10, 2012, honda, 200, Purchaged)">testcase4_add_expenses(13, 10, 2012, honda, 200, Purchaged)</a> <!-- method navigator-link -->
                      </span>
                      <br/>
                      <span>
                        <img src="skipped.png" width="3%"/>
                        <a href="#" panel-name="suite-User_acceptance_TestSuite" title="testClassPackage.TestClass1" class="method navigator-link" hash-for-method="testcase4_add_expenses(13, 10, 2000, audi, 200, Purchaged)">testcase4_add_expenses(13, 10, 2000, audi, 200, Purchaged)</a> <!-- method navigator-link -->
                      </span>
                      <br/>
                      <span>
                        <img src="skipped.png" width="3%"/>
                        <a href="#" panel-name="suite-User_acceptance_TestSuite" title="testClassPackage.TestClass1" class="method navigator-link" hash-for-method="testcase4_add_expenses(13, 12, 2011, school fee, 200, Paid)">testcase4_add_expenses(13, 12, 2011, school fee, 200, Paid)</a> <!-- method navigator-link -->
                      </span>
                      <br/>
                      <span>
                        <img src="skipped.png" width="3%"/>
                        <a href="#" panel-name="suite-User_acceptance_TestSuite" title="testClassPackage.TestClass1" class="method navigator-link" hash-for-method="testcase4_add_expenses(13, 12, 2011, hostel fee, 200, Paid)">testcase4_add_expenses(13, 12, 2011, hostel fee, 200, Paid)</a> <!-- method navigator-link -->
                      </span>
                      <br/>
                      <span>
                        <img src="skipped.png" width="3%"/>
                        <a href="#" panel-name="suite-User_acceptance_TestSuite" title="testClassPackage.TestClass1" class="method navigator-link" hash-for-method="testcase4_add_expenses(13, 10, 2000, honda, 200, Purchaged)">testcase4_add_expenses(13, 10, 2000, honda, 200, Purchaged)</a> <!-- method navigator-link -->
                      </span>
                      <br/>
                      <span>
                        <img src="skipped.png" width="3%"/>
                        <a href="#" panel-name="suite-User_acceptance_TestSuite" title="testClassPackage.TestClass1" class="method navigator-link" hash-for-method="testcase4_add_expenses(13, 10, 2012, bmw, 200, Purchaged)">testcase4_add_expenses(13, 10, 2012, bmw, 200, Purchaged)</a> <!-- method navigator-link -->
                      </span>
                      <br/>
                      <span>
                        <img src="skipped.png" width="3%"/>
                        <a href="#" panel-name="suite-User_acceptance_TestSuite" title="testClassPackage.TestClass1" class="method navigator-link" hash-for-method="testcase4_add_expenses(13, 10, 2000, bmw, 200, Purchaged)">testcase4_add_expenses(13, 10, 2000, bmw, 200, Purchaged)</a> <!-- method navigator-link -->
                      </span>
                      <br/>
                      <span>
                        <img src="skipped.png" width="3%"/>
                        <a href="#" panel-name="suite-User_acceptance_TestSuite" title="testClassPackage.TestClass1" class="method navigator-link" hash-for-method="testcase4_add_expenses(13, 11, 2013, benz, 200, Purchaged)">testcase4_add_expenses(13, 11, 2013, benz, 200, Purchaged)</a> <!-- method navigator-link -->
                      </span>
                      <br/>
                      <span>
                        <img src="skipped.png" width="3%"/>
                        <a href="#" panel-name="suite-User_acceptance_TestSuite" title="testClassPackage.TestClass1" class="method navigator-link" hash-for-method="testcase4_add_expenses(13, 10, 2012, audi, 200, Purchaged)">testcase4_add_expenses(13, 10, 2012, audi, 200, Purchaged)</a> <!-- method navigator-link -->
                      </span>
                      <br/>
                      <span>
                        <img src="skipped.png" width="3%"/>
                        <a href="#" panel-name="suite-User_acceptance_TestSuite" title="testClassPackage.TestClass1" class="method navigator-link" hash-for-method="testcase5_edit_expenses">testcase5_edit_expenses</a> <!-- method navigator-link -->
                      </span>
                      <br/>
                      <span>
                        <img src="skipped.png" width="3%"/>
                        <a href="#" panel-name="suite-User_acceptance_TestSuite" title="testClassPackage.TestClass1" class="method navigator-link" hash-for-method="testcase6_delete_expenses">testcase6_delete_expenses</a> <!-- method navigator-link -->
                      </span>
                      <br/>
                      <span>
                        <img src="skipped.png" width="3%"/>
                        <a href="#" panel-name="suite-User_acceptance_TestSuite" title="testClassPackage.TestClass1" class="method navigator-link" hash-for-method="testcase7_list_expenses">testcase7_list_expenses</a> <!-- method navigator-link -->
                      </span>
                      <br/>
                      <span>
                        <img src="skipped.png" width="3%"/>
                        <a href="#" panel-name="suite-User_acceptance_TestSuite" title="testClassPackage.TestClass1" class="method navigator-link" hash-for-method="testcase8_edit_user_account(pass1, pass2,  )">testcase8_edit_user_account(pass1, pass2,  )</a> <!-- method navigator-link -->
                      </span>
                      <br/>
                      <span>
                        <img src="skipped.png" width="3%"/>
                        <a href="#" panel-name="suite-User_acceptance_TestSuite" title="testClassPackage.TestClass1" class="method navigator-link" hash-for-method="testcase8_edit_user_account(pass1 ,  , pass2)">testcase8_edit_user_account(pass1 ,  , pass2)</a> <!-- method navigator-link -->
                      </span>
                      <br/>
                      <span>
                        <img src="skipped.png" width="3%"/>
                        <a href="#" panel-name="suite-User_acceptance_TestSuite" title="testClassPackage.TestClass1" class="method navigator-link" hash-for-method="testcase8_edit_user_account( , pass2, pass2)">testcase8_edit_user_account( , pass2, pass2)</a> <!-- method navigator-link -->
                      </span>
                      <br/>
                      <span>
                        <img src="skipped.png" width="3%"/>
                        <a href="#" panel-name="suite-User_acceptance_TestSuite" title="testClassPackage.TestClass1" class="method navigator-link" hash-for-method="testcase8_edit_user_account(pass1, pass2, pass2)">testcase8_edit_user_account(pass1, pass2, pass2)</a> <!-- method navigator-link -->
                      </span>
                      <br/>
                      <span>
                        <img src="skipped.png" width="3%"/>
                        <a href="#" panel-name="suite-User_acceptance_TestSuite" title="testClassPackage.TestClass1" class="method navigator-link" hash-for-method="testcase8_edit_user_account(pass1, pass2, pass3)">testcase8_edit_user_account(pass1, pass2, pass3)</a> <!-- method navigator-link -->
                      </span>
                      <br/>
                      <span>
                        <img src="skipped.png" width="3%"/>
                        <a href="#" panel-name="suite-User_acceptance_TestSuite" title="testClassPackage.TestClass1" class="method navigator-link" hash-for-method="testcase9_edit_user_name">testcase9_edit_user_name</a> <!-- method navigator-link -->
                      </span>
                      <br/>
                    </div> <!-- method-list-content skipped suite-User_acceptance_TestSuite -->
                  </li>
                </ul>
              </div> <!-- suite-section-content -->
            </div> <!-- result-section -->
          </div> <!-- navigator-suite-content -->
        </div> <!-- rounded-window -->
      </div> <!-- suite -->
    </div> <!-- navigator-root -->
    <div class="wrapper">
      <div class="main-panel-root">
        <div panel-name="suite-User_acceptance_TestSuite" class="panel User_acceptance_TestSuite">
          <div class="suite-User_acceptance_TestSuite-class-failed">
            <div class="main-panel-header rounded-window-top">
              <img src="failed.png"/>
              <span class="class-name">testClassPackage.TestClass</span>
            </div> <!-- main-panel-header rounded-window-top -->
            <div class="main-panel-content rounded-window-bottom">
              <div class="method">
                <div class="method-content">
                  <a name="testcase1_create_new_user(Ramesh, 1234, 1234)">
                  </a> <!-- testcase1_create_new_user(Ramesh, 1234, 1234) -->
                  <span class="method-name">testcase1_create_new_user</span>
                  <span class="parameters">(Ramesh, 1234, 1234)</span>
                  <div class="stack-trace">org.openqa.selenium.NoSuchElementException: no such element: Unable to locate element: {&quot;method&quot;:&quot;xpath&quot;,&quot;selector&quot;:&quot;//a[@href=&apos;register.jsp&apos;]&quot;}
  (Session info: chrome=133.0.6943.142)
For documentation on this error, please visit: https://www.selenium.dev/documentation/webdriver/troubleshooting/errors#no-such-element-exception
Build info: version: &apos;4.19.1&apos;, revision: &apos;abe0ee07dc&apos;
System info: os.name: &apos;Windows 11&apos;, os.arch: &apos;amd64&apos;, os.version: &apos;10.0&apos;, java.version: &apos;21.0.6&apos;
Driver info: org.openqa.selenium.chrome.ChromeDriver
Command: [9c3b1be5cc3c2f0b4e8b66cb23a62acd, findElement {using=xpath, value=//a[@href=&apos;register.jsp&apos;]}]
Capabilities {acceptInsecureCerts: false, browserName: chrome, browserVersion: 133.0.6943.142, chrome: {chromedriverVersion: 133.0.6943.141 (2a5d6da0d61..., userDataDir: C:\Users\BENNYJ~1\AppData\L...}, fedcm:accounts: true, goog:chromeOptions: {debuggerAddress: localhost:52486}, networkConnectionEnabled: false, pageLoadStrategy: normal, platformName: windows, proxy: Proxy(), se:cdp: ws://localhost:52486/devtoo..., se:cdpVersion: 133.0.6943.142, setWindowRect: true, strictFileInteractability: false, timeouts: {implicit: 0, pageLoad: 300000, script: 30000}, unhandledPromptBehavior: dismiss and notify, webauthn:extension:credBlob: true, webauthn:extension:largeBlob: true, webauthn:extension:minPinLength: true, webauthn:extension:prf: true, webauthn:virtualAuthenticators: true}
Session ID: 9c3b1be5cc3c2f0b4e8b66cb23a62acd
	at org.openqa.selenium.remote.ErrorCodec.decode(ErrorCodec.java:167)
	at org.openqa.selenium.remote.codec.w3c.W3CHttpResponseCodec.decode(W3CHttpResponseCodec.java:138)
	at org.openqa.selenium.remote.codec.w3c.W3CHttpResponseCodec.decode(W3CHttpResponseCodec.java:50)
	at org.openqa.selenium.remote.HttpCommandExecutor.execute(HttpCommandExecutor.java:190)
	at org.openqa.selenium.remote.service.DriverCommandExecutor.invokeExecute(DriverCommandExecutor.java:216)
	at org.openqa.selenium.remote.service.DriverCommandExecutor.execute(DriverCommandExecutor.java:174)
	at org.openqa.selenium.remote.RemoteWebDriver.execute(RemoteWebDriver.java:518)
	at org.openqa.selenium.remote.ElementLocation$ElementFinder$2.findElement(ElementLocation.java:165)
	at org.openqa.selenium.remote.ElementLocation.findElement(ElementLocation.java:59)
	at org.openqa.selenium.remote.RemoteWebDriver.findElement(RemoteWebDriver.java:355)
	at org.openqa.selenium.remote.RemoteWebDriver.findElement(RemoteWebDriver.java:349)
	at pageObjectsPackage.NewUserRegistrationPage.newUserRegistrationLink(NewUserRegistrationPage.java:20)
	at pageObjectsPackage.NewUserRegistrationPage.newUserRegistration(NewUserRegistrationPage.java:56)
	at testClassPackage.TestClass.testcase1_create_new_user(TestClass.java:48)
... Removed 28 stack frames
</div> <!-- stack-trace -->
                </div> <!-- method-content -->
              </div> <!-- method -->
              <div class="method">
                <div class="method-content">
                  <a name="testcase1_create_new_user(Ramesh1, 1234, abcd)">
                  </a> <!-- testcase1_create_new_user(Ramesh1, 1234, abcd) -->
                  <span class="method-name">testcase1_create_new_user</span>
                  <span class="parameters">(Ramesh1, 1234, abcd)</span>
                  <div class="stack-trace">org.openqa.selenium.NoSuchElementException: no such element: Unable to locate element: {&quot;method&quot;:&quot;xpath&quot;,&quot;selector&quot;:&quot;//a[@href=&apos;register.jsp&apos;]&quot;}
  (Session info: chrome=133.0.6943.142)
For documentation on this error, please visit: https://www.selenium.dev/documentation/webdriver/troubleshooting/errors#no-such-element-exception
Build info: version: &apos;4.19.1&apos;, revision: &apos;abe0ee07dc&apos;
System info: os.name: &apos;Windows 11&apos;, os.arch: &apos;amd64&apos;, os.version: &apos;10.0&apos;, java.version: &apos;21.0.6&apos;
Driver info: org.openqa.selenium.chrome.ChromeDriver
Command: [29adc712db41d4b780c522625883a062, findElement {using=xpath, value=//a[@href=&apos;register.jsp&apos;]}]
Capabilities {acceptInsecureCerts: false, browserName: chrome, browserVersion: 133.0.6943.142, chrome: {chromedriverVersion: 133.0.6943.141 (2a5d6da0d61..., userDataDir: C:\Users\BENNYJ~1\AppData\L...}, fedcm:accounts: true, goog:chromeOptions: {debuggerAddress: localhost:52508}, networkConnectionEnabled: false, pageLoadStrategy: normal, platformName: windows, proxy: Proxy(), se:cdp: ws://localhost:52508/devtoo..., se:cdpVersion: 133.0.6943.142, setWindowRect: true, strictFileInteractability: false, timeouts: {implicit: 0, pageLoad: 300000, script: 30000}, unhandledPromptBehavior: dismiss and notify, webauthn:extension:credBlob: true, webauthn:extension:largeBlob: true, webauthn:extension:minPinLength: true, webauthn:extension:prf: true, webauthn:virtualAuthenticators: true}
Session ID: 29adc712db41d4b780c522625883a062
	at org.openqa.selenium.remote.ErrorCodec.decode(ErrorCodec.java:167)
	at org.openqa.selenium.remote.codec.w3c.W3CHttpResponseCodec.decode(W3CHttpResponseCodec.java:138)
	at org.openqa.selenium.remote.codec.w3c.W3CHttpResponseCodec.decode(W3CHttpResponseCodec.java:50)
	at org.openqa.selenium.remote.HttpCommandExecutor.execute(HttpCommandExecutor.java:190)
	at org.openqa.selenium.remote.service.DriverCommandExecutor.invokeExecute(DriverCommandExecutor.java:216)
	at org.openqa.selenium.remote.service.DriverCommandExecutor.execute(DriverCommandExecutor.java:174)
	at org.openqa.selenium.remote.RemoteWebDriver.execute(RemoteWebDriver.java:518)
	at org.openqa.selenium.remote.ElementLocation$ElementFinder$2.findElement(ElementLocation.java:165)
	at org.openqa.selenium.remote.ElementLocation.findElement(ElementLocation.java:59)
	at org.openqa.selenium.remote.RemoteWebDriver.findElement(RemoteWebDriver.java:355)
	at org.openqa.selenium.remote.RemoteWebDriver.findElement(RemoteWebDriver.java:349)
	at pageObjectsPackage.NewUserRegistrationPage.newUserRegistrationLink(NewUserRegistrationPage.java:20)
	at pageObjectsPackage.NewUserRegistrationPage.newUserRegistration(NewUserRegistrationPage.java:56)
	at testClassPackage.TestClass.testcase1_create_new_user(TestClass.java:48)
... Removed 28 stack frames
</div> <!-- stack-trace -->
                </div> <!-- method-content -->
              </div> <!-- method -->
              <div class="method">
                <div class="method-content">
                  <a name="testcase1_create_new_user(Ramesh, pass1, pass1)">
                  </a> <!-- testcase1_create_new_user(Ramesh, pass1, pass1) -->
                  <span class="method-name">testcase1_create_new_user</span>
                  <span class="parameters">(Ramesh, pass1, pass1)</span>
                  <div class="stack-trace">org.openqa.selenium.NoSuchElementException: no such element: Unable to locate element: {&quot;method&quot;:&quot;xpath&quot;,&quot;selector&quot;:&quot;//a[@href=&apos;register.jsp&apos;]&quot;}
  (Session info: chrome=133.0.6943.142)
For documentation on this error, please visit: https://www.selenium.dev/documentation/webdriver/troubleshooting/errors#no-such-element-exception
Build info: version: &apos;4.19.1&apos;, revision: &apos;abe0ee07dc&apos;
System info: os.name: &apos;Windows 11&apos;, os.arch: &apos;amd64&apos;, os.version: &apos;10.0&apos;, java.version: &apos;21.0.6&apos;
Driver info: org.openqa.selenium.chrome.ChromeDriver
Command: [5ce461ea11eddde611e688c32e1727b7, findElement {using=xpath, value=//a[@href=&apos;register.jsp&apos;]}]
Capabilities {acceptInsecureCerts: false, browserName: chrome, browserVersion: 133.0.6943.142, chrome: {chromedriverVersion: 133.0.6943.141 (2a5d6da0d61..., userDataDir: C:\Users\BENNYJ~1\AppData\L...}, fedcm:accounts: true, goog:chromeOptions: {debuggerAddress: localhost:52459}, networkConnectionEnabled: false, pageLoadStrategy: normal, platformName: windows, proxy: Proxy(), se:cdp: ws://localhost:52459/devtoo..., se:cdpVersion: 133.0.6943.142, setWindowRect: true, strictFileInteractability: false, timeouts: {implicit: 0, pageLoad: 300000, script: 30000}, unhandledPromptBehavior: dismiss and notify, webauthn:extension:credBlob: true, webauthn:extension:largeBlob: true, webauthn:extension:minPinLength: true, webauthn:extension:prf: true, webauthn:virtualAuthenticators: true}
Session ID: 5ce461ea11eddde611e688c32e1727b7
	at org.openqa.selenium.remote.ErrorCodec.decode(ErrorCodec.java:167)
	at org.openqa.selenium.remote.codec.w3c.W3CHttpResponseCodec.decode(W3CHttpResponseCodec.java:138)
	at org.openqa.selenium.remote.codec.w3c.W3CHttpResponseCodec.decode(W3CHttpResponseCodec.java:50)
	at org.openqa.selenium.remote.HttpCommandExecutor.execute(HttpCommandExecutor.java:190)
	at org.openqa.selenium.remote.service.DriverCommandExecutor.invokeExecute(DriverCommandExecutor.java:216)
	at org.openqa.selenium.remote.service.DriverCommandExecutor.execute(DriverCommandExecutor.java:174)
	at org.openqa.selenium.remote.RemoteWebDriver.execute(RemoteWebDriver.java:518)
	at org.openqa.selenium.remote.ElementLocation$ElementFinder$2.findElement(ElementLocation.java:165)
	at org.openqa.selenium.remote.ElementLocation.findElement(ElementLocation.java:59)
	at org.openqa.selenium.remote.RemoteWebDriver.findElement(RemoteWebDriver.java:355)
	at org.openqa.selenium.remote.RemoteWebDriver.findElement(RemoteWebDriver.java:349)
	at pageObjectsPackage.NewUserRegistrationPage.newUserRegistrationLink(NewUserRegistrationPage.java:20)
	at pageObjectsPackage.NewUserRegistrationPage.newUserRegistration(NewUserRegistrationPage.java:56)
	at testClassPackage.TestClass.testcase1_create_new_user(TestClass.java:48)
... Removed 28 stack frames
</div> <!-- stack-trace -->
                </div> <!-- method-content -->
              </div> <!-- method -->
              <div class="method">
                <div class="method-content">
                  <a name="testcase2_login_to_tracker(wrongusername, pass1)">
                  </a> <!-- testcase2_login_to_tracker(wrongusername, pass1) -->
                  <span class="method-name">testcase2_login_to_tracker</span>
                  <span class="parameters">(wrongusername, pass1)</span>
                  <div class="stack-trace">org.openqa.selenium.NoSuchElementException: no such element: Unable to locate element: {&quot;method&quot;:&quot;css selector&quot;,&quot;selector&quot;:&quot;#login&quot;}
  (Session info: chrome=133.0.6943.142)
For documentation on this error, please visit: https://www.selenium.dev/documentation/webdriver/troubleshooting/errors#no-such-element-exception
Build info: version: &apos;4.19.1&apos;, revision: &apos;abe0ee07dc&apos;
System info: os.name: &apos;Windows 11&apos;, os.arch: &apos;amd64&apos;, os.version: &apos;10.0&apos;, java.version: &apos;21.0.6&apos;
Driver info: org.openqa.selenium.chrome.ChromeDriver
Command: [82763d9df0ad6b4eca555cd4239b5cf0, findElement {using=id, value=login}]
Capabilities {acceptInsecureCerts: false, browserName: chrome, browserVersion: 133.0.6943.142, chrome: {chromedriverVersion: 133.0.6943.141 (2a5d6da0d61..., userDataDir: C:\Users\BENNYJ~1\AppData\L...}, fedcm:accounts: true, goog:chromeOptions: {debuggerAddress: localhost:52562}, networkConnectionEnabled: false, pageLoadStrategy: normal, platformName: windows, proxy: Proxy(), se:cdp: ws://localhost:52562/devtoo..., se:cdpVersion: 133.0.6943.142, setWindowRect: true, strictFileInteractability: false, timeouts: {implicit: 0, pageLoad: 300000, script: 30000}, unhandledPromptBehavior: dismiss and notify, webauthn:extension:credBlob: true, webauthn:extension:largeBlob: true, webauthn:extension:minPinLength: true, webauthn:extension:prf: true, webauthn:virtualAuthenticators: true}
Session ID: 82763d9df0ad6b4eca555cd4239b5cf0
	at org.openqa.selenium.remote.ErrorCodec.decode(ErrorCodec.java:167)
	at org.openqa.selenium.remote.codec.w3c.W3CHttpResponseCodec.decode(W3CHttpResponseCodec.java:138)
	at org.openqa.selenium.remote.codec.w3c.W3CHttpResponseCodec.decode(W3CHttpResponseCodec.java:50)
	at org.openqa.selenium.remote.HttpCommandExecutor.execute(HttpCommandExecutor.java:190)
	at org.openqa.selenium.remote.service.DriverCommandExecutor.invokeExecute(DriverCommandExecutor.java:216)
	at org.openqa.selenium.remote.service.DriverCommandExecutor.execute(DriverCommandExecutor.java:174)
	at org.openqa.selenium.remote.RemoteWebDriver.execute(RemoteWebDriver.java:518)
	at org.openqa.selenium.remote.ElementLocation$ElementFinder$2.findElement(ElementLocation.java:165)
	at org.openqa.selenium.remote.ElementLocation.findElement(ElementLocation.java:66)
	at org.openqa.selenium.remote.RemoteWebDriver.findElement(RemoteWebDriver.java:355)
	at org.openqa.selenium.remote.RemoteWebDriver.findElement(RemoteWebDriver.java:349)
	at pageObjectsPackage.LoginPage.fillUserName(LoginPage.java:19)
	at pageObjectsPackage.LoginPage.loginToExpenseTracker(LoginPage.java:44)
	at testClassPackage.TestClass.testcase2_login_to_tracker(TestClass.java:62)
... Removed 28 stack frames
</div> <!-- stack-trace -->
                </div> <!-- method-content -->
              </div> <!-- method -->
              <div class="method">
                <div class="method-content">
                  <a name="testcase2_login_to_tracker(Ramesh, pass1)">
                  </a> <!-- testcase2_login_to_tracker(Ramesh, pass1) -->
                  <span class="method-name">testcase2_login_to_tracker</span>
                  <span class="parameters">(Ramesh, pass1)</span>
                  <div class="stack-trace">org.openqa.selenium.NoSuchElementException: no such element: Unable to locate element: {&quot;method&quot;:&quot;css selector&quot;,&quot;selector&quot;:&quot;#login&quot;}
  (Session info: chrome=133.0.6943.142)
For documentation on this error, please visit: https://www.selenium.dev/documentation/webdriver/troubleshooting/errors#no-such-element-exception
Build info: version: &apos;4.19.1&apos;, revision: &apos;abe0ee07dc&apos;
System info: os.name: &apos;Windows 11&apos;, os.arch: &apos;amd64&apos;, os.version: &apos;10.0&apos;, java.version: &apos;21.0.6&apos;
Driver info: org.openqa.selenium.chrome.ChromeDriver
Command: [b2b9a81b5c1a45960aee22a9a30e668f, findElement {using=id, value=login}]
Capabilities {acceptInsecureCerts: false, browserName: chrome, browserVersion: 133.0.6943.142, chrome: {chromedriverVersion: 133.0.6943.141 (2a5d6da0d61..., userDataDir: C:\Users\BENNYJ~1\AppData\L...}, fedcm:accounts: true, goog:chromeOptions: {debuggerAddress: localhost:52537}, networkConnectionEnabled: false, pageLoadStrategy: normal, platformName: windows, proxy: Proxy(), se:cdp: ws://localhost:52537/devtoo..., se:cdpVersion: 133.0.6943.142, setWindowRect: true, strictFileInteractability: false, timeouts: {implicit: 0, pageLoad: 300000, script: 30000}, unhandledPromptBehavior: dismiss and notify, webauthn:extension:credBlob: true, webauthn:extension:largeBlob: true, webauthn:extension:minPinLength: true, webauthn:extension:prf: true, webauthn:virtualAuthenticators: true}
Session ID: b2b9a81b5c1a45960aee22a9a30e668f
	at org.openqa.selenium.remote.ErrorCodec.decode(ErrorCodec.java:167)
	at org.openqa.selenium.remote.codec.w3c.W3CHttpResponseCodec.decode(W3CHttpResponseCodec.java:138)
	at org.openqa.selenium.remote.codec.w3c.W3CHttpResponseCodec.decode(W3CHttpResponseCodec.java:50)
	at org.openqa.selenium.remote.HttpCommandExecutor.execute(HttpCommandExecutor.java:190)
	at org.openqa.selenium.remote.service.DriverCommandExecutor.invokeExecute(DriverCommandExecutor.java:216)
	at org.openqa.selenium.remote.service.DriverCommandExecutor.execute(DriverCommandExecutor.java:174)
	at org.openqa.selenium.remote.RemoteWebDriver.execute(RemoteWebDriver.java:518)
	at org.openqa.selenium.remote.ElementLocation$ElementFinder$2.findElement(ElementLocation.java:165)
	at org.openqa.selenium.remote.ElementLocation.findElement(ElementLocation.java:66)
	at org.openqa.selenium.remote.RemoteWebDriver.findElement(RemoteWebDriver.java:355)
	at org.openqa.selenium.remote.RemoteWebDriver.findElement(RemoteWebDriver.java:349)
	at pageObjectsPackage.LoginPage.fillUserName(LoginPage.java:19)
	at pageObjectsPackage.LoginPage.loginToExpenseTracker(LoginPage.java:44)
	at testClassPackage.TestClass.testcase2_login_to_tracker(TestClass.java:62)
... Removed 28 stack frames
</div> <!-- stack-trace -->
                </div> <!-- method-content -->
              </div> <!-- method -->
              <div class="method">
                <div class="method-content">
                  <a name="testcase2_login_to_tracker(Ramesh, wrongpassword)">
                  </a> <!-- testcase2_login_to_tracker(Ramesh, wrongpassword) -->
                  <span class="method-name">testcase2_login_to_tracker</span>
                  <span class="parameters">(Ramesh, wrongpassword)</span>
                  <div class="stack-trace">org.openqa.selenium.NoSuchElementException: no such element: Unable to locate element: {&quot;method&quot;:&quot;css selector&quot;,&quot;selector&quot;:&quot;#login&quot;}
  (Session info: chrome=133.0.6943.142)
For documentation on this error, please visit: https://www.selenium.dev/documentation/webdriver/troubleshooting/errors#no-such-element-exception
Build info: version: &apos;4.19.1&apos;, revision: &apos;abe0ee07dc&apos;
System info: os.name: &apos;Windows 11&apos;, os.arch: &apos;amd64&apos;, os.version: &apos;10.0&apos;, java.version: &apos;21.0.6&apos;
Driver info: org.openqa.selenium.chrome.ChromeDriver
Command: [7b18eaaffe6af1e458407bf933e436af, findElement {using=id, value=login}]
Capabilities {acceptInsecureCerts: false, browserName: chrome, browserVersion: 133.0.6943.142, chrome: {chromedriverVersion: 133.0.6943.141 (2a5d6da0d61..., userDataDir: C:\Users\BENNYJ~1\AppData\L...}, fedcm:accounts: true, goog:chromeOptions: {debuggerAddress: localhost:52582}, networkConnectionEnabled: false, pageLoadStrategy: normal, platformName: windows, proxy: Proxy(), se:cdp: ws://localhost:52582/devtoo..., se:cdpVersion: 133.0.6943.142, setWindowRect: true, strictFileInteractability: false, timeouts: {implicit: 0, pageLoad: 300000, script: 30000}, unhandledPromptBehavior: dismiss and notify, webauthn:extension:credBlob: true, webauthn:extension:largeBlob: true, webauthn:extension:minPinLength: true, webauthn:extension:prf: true, webauthn:virtualAuthenticators: true}
Session ID: 7b18eaaffe6af1e458407bf933e436af
	at org.openqa.selenium.remote.ErrorCodec.decode(ErrorCodec.java:167)
	at org.openqa.selenium.remote.codec.w3c.W3CHttpResponseCodec.decode(W3CHttpResponseCodec.java:138)
	at org.openqa.selenium.remote.codec.w3c.W3CHttpResponseCodec.decode(W3CHttpResponseCodec.java:50)
	at org.openqa.selenium.remote.HttpCommandExecutor.execute(HttpCommandExecutor.java:190)
	at org.openqa.selenium.remote.service.DriverCommandExecutor.invokeExecute(DriverCommandExecutor.java:216)
	at org.openqa.selenium.remote.service.DriverCommandExecutor.execute(DriverCommandExecutor.java:174)
	at org.openqa.selenium.remote.RemoteWebDriver.execute(RemoteWebDriver.java:518)
	at org.openqa.selenium.remote.ElementLocation$ElementFinder$2.findElement(ElementLocation.java:165)
	at org.openqa.selenium.remote.ElementLocation.findElement(ElementLocation.java:66)
	at org.openqa.selenium.remote.RemoteWebDriver.findElement(RemoteWebDriver.java:355)
	at org.openqa.selenium.remote.RemoteWebDriver.findElement(RemoteWebDriver.java:349)
	at pageObjectsPackage.LoginPage.fillUserName(LoginPage.java:19)
	at pageObjectsPackage.LoginPage.loginToExpenseTracker(LoginPage.java:44)
	at testClassPackage.TestClass.testcase2_login_to_tracker(TestClass.java:62)
... Removed 28 stack frames
</div> <!-- stack-trace -->
                </div> <!-- method-content -->
              </div> <!-- method -->
            </div> <!-- main-panel-content rounded-window-bottom -->
          </div> <!-- suite-User_acceptance_TestSuite-class-failed -->
          <div class="suite-User_acceptance_TestSuite-class-skipped">
            <div class="main-panel-header rounded-window-top">
              <img src="skipped.png"/>
              <span class="class-name">testClassPackage.TestClass1</span>
            </div> <!-- main-panel-header rounded-window-top -->
            <div class="main-panel-content rounded-window-bottom">
              <div class="method">
                <div class="method-content">
                  <a name="testcase1_create_category(hostel fee)">
                  </a> <!-- testcase1_create_category(hostel fee) -->
                  <span class="method-name">testcase1_create_category</span>
                  <span class="parameters">(hostel fee)</span>
                </div> <!-- method-content -->
              </div> <!-- method -->
              <div class="method">
                <div class="method-content">
                  <a name="testcase1_create_category(education loan)">
                  </a> <!-- testcase1_create_category(education loan) -->
                  <span class="method-name">testcase1_create_category</span>
                  <span class="parameters">(education loan)</span>
                </div> <!-- method-content -->
              </div> <!-- method -->
              <div class="method">
                <div class="method-content">
                  <a name="testcase1_create_category(Home loan)">
                  </a> <!-- testcase1_create_category(Home loan) -->
                  <span class="method-name">testcase1_create_category</span>
                  <span class="parameters">(Home loan)</span>
                </div> <!-- method-content -->
              </div> <!-- method -->
              <div class="method">
                <div class="method-content">
                  <a name="testcase1_create_category(bmw)">
                  </a> <!-- testcase1_create_category(bmw) -->
                  <span class="method-name">testcase1_create_category</span>
                  <span class="parameters">(bmw)</span>
                </div> <!-- method-content -->
              </div> <!-- method -->
              <div class="method">
                <div class="method-content">
                  <a name="testcase1_create_category(audi)">
                  </a> <!-- testcase1_create_category(audi) -->
                  <span class="method-name">testcase1_create_category</span>
                  <span class="parameters">(audi)</span>
                </div> <!-- method-content -->
              </div> <!-- method -->
              <div class="method">
                <div class="method-content">
                  <a name="testcase1_create_category(benz)">
                  </a> <!-- testcase1_create_category(benz) -->
                  <span class="method-name">testcase1_create_category</span>
                  <span class="parameters">(benz)</span>
                </div> <!-- method-content -->
              </div> <!-- method -->
              <div class="method">
                <div class="method-content">
                  <a name="testcase1_create_category(honda)">
                  </a> <!-- testcase1_create_category(honda) -->
                  <span class="method-name">testcase1_create_category</span>
                  <span class="parameters">(honda)</span>
                </div> <!-- method-content -->
              </div> <!-- method -->
              <div class="method">
                <div class="method-content">
                  <a name="testcase1_create_category(school fee)">
                  </a> <!-- testcase1_create_category(school fee) -->
                  <span class="method-name">testcase1_create_category</span>
                  <span class="parameters">(school fee)</span>
                </div> <!-- method-content -->
              </div> <!-- method -->
              <div class="method">
                <div class="method-content">
                  <a name="testcase2_edit_category">
                  </a> <!-- testcase2_edit_category -->
                  <span class="method-name">testcase2_edit_category</span>
                </div> <!-- method-content -->
              </div> <!-- method -->
              <div class="method">
                <div class="method-content">
                  <a name="testcase3_delete_category">
                  </a> <!-- testcase3_delete_category -->
                  <span class="method-name">testcase3_delete_category</span>
                </div> <!-- method-content -->
              </div> <!-- method -->
              <div class="method">
                <div class="method-content">
                  <a name="testcase4_add_expenses(13, 11, 2010, education loan, 200, Barrowed)">
                  </a> <!-- testcase4_add_expenses(13, 11, 2010, education loan, 200, Barrowed) -->
                  <span class="method-name">testcase4_add_expenses</span>
                  <span class="parameters">(13, 11, 2010, education loan, 200, Barrowed)</span>
                </div> <!-- method-content -->
              </div> <!-- method -->
              <div class="method">
                <div class="method-content">
                  <a name="testcase4_add_expenses(13, 11, 2010, school fee, 200, Barrowed)">
                  </a> <!-- testcase4_add_expenses(13, 11, 2010, school fee, 200, Barrowed) -->
                  <span class="method-name">testcase4_add_expenses</span>
                  <span class="parameters">(13, 11, 2010, school fee, 200, Barrowed)</span>
                </div> <!-- method-content -->
              </div> <!-- method -->
              <div class="method">
                <div class="method-content">
                  <a name="testcase4_add_expenses(13, 11, 2010, benz, 200, Purchaged)">
                  </a> <!-- testcase4_add_expenses(13, 11, 2010, benz, 200, Purchaged) -->
                  <span class="method-name">testcase4_add_expenses</span>
                  <span class="parameters">(13, 11, 2010, benz, 200, Purchaged)</span>
                </div> <!-- method-content -->
              </div> <!-- method -->
              <div class="method">
                <div class="method-content">
                  <a name="testcase4_add_expenses(13, 10, 2012, honda, 200, Purchaged)">
                  </a> <!-- testcase4_add_expenses(13, 10, 2012, honda, 200, Purchaged) -->
                  <span class="method-name">testcase4_add_expenses</span>
                  <span class="parameters">(13, 10, 2012, honda, 200, Purchaged)</span>
                </div> <!-- method-content -->
              </div> <!-- method -->
              <div class="method">
                <div class="method-content">
                  <a name="testcase4_add_expenses(13, 10, 2000, audi, 200, Purchaged)">
                  </a> <!-- testcase4_add_expenses(13, 10, 2000, audi, 200, Purchaged) -->
                  <span class="method-name">testcase4_add_expenses</span>
                  <span class="parameters">(13, 10, 2000, audi, 200, Purchaged)</span>
                </div> <!-- method-content -->
              </div> <!-- method -->
              <div class="method">
                <div class="method-content">
                  <a name="testcase4_add_expenses(13, 12, 2011, school fee, 200, Paid)">
                  </a> <!-- testcase4_add_expenses(13, 12, 2011, school fee, 200, Paid) -->
                  <span class="method-name">testcase4_add_expenses</span>
                  <span class="parameters">(13, 12, 2011, school fee, 200, Paid)</span>
                </div> <!-- method-content -->
              </div> <!-- method -->
              <div class="method">
                <div class="method-content">
                  <a name="testcase4_add_expenses(13, 12, 2011, hostel fee, 200, Paid)">
                  </a> <!-- testcase4_add_expenses(13, 12, 2011, hostel fee, 200, Paid) -->
                  <span class="method-name">testcase4_add_expenses</span>
                  <span class="parameters">(13, 12, 2011, hostel fee, 200, Paid)</span>
                </div> <!-- method-content -->
              </div> <!-- method -->
              <div class="method">
                <div class="method-content">
                  <a name="testcase4_add_expenses(13, 10, 2000, honda, 200, Purchaged)">
                  </a> <!-- testcase4_add_expenses(13, 10, 2000, honda, 200, Purchaged) -->
                  <span class="method-name">testcase4_add_expenses</span>
                  <span class="parameters">(13, 10, 2000, honda, 200, Purchaged)</span>
                </div> <!-- method-content -->
              </div> <!-- method -->
              <div class="method">
                <div class="method-content">
                  <a name="testcase4_add_expenses(13, 10, 2012, bmw, 200, Purchaged)">
                  </a> <!-- testcase4_add_expenses(13, 10, 2012, bmw, 200, Purchaged) -->
                  <span class="method-name">testcase4_add_expenses</span>
                  <span class="parameters">(13, 10, 2012, bmw, 200, Purchaged)</span>
                </div> <!-- method-content -->
              </div> <!-- method -->
              <div class="method">
                <div class="method-content">
                  <a name="testcase4_add_expenses(13, 10, 2000, bmw, 200, Purchaged)">
                  </a> <!-- testcase4_add_expenses(13, 10, 2000, bmw, 200, Purchaged) -->
                  <span class="method-name">testcase4_add_expenses</span>
                  <span class="parameters">(13, 10, 2000, bmw, 200, Purchaged)</span>
                </div> <!-- method-content -->
              </div> <!-- method -->
              <div class="method">
                <div class="method-content">
                  <a name="testcase4_add_expenses(13, 11, 2013, benz, 200, Purchaged)">
                  </a> <!-- testcase4_add_expenses(13, 11, 2013, benz, 200, Purchaged) -->
                  <span class="method-name">testcase4_add_expenses</span>
                  <span class="parameters">(13, 11, 2013, benz, 200, Purchaged)</span>
                </div> <!-- method-content -->
              </div> <!-- method -->
              <div class="method">
                <div class="method-content">
                  <a name="testcase4_add_expenses(13, 10, 2012, audi, 200, Purchaged)">
                  </a> <!-- testcase4_add_expenses(13, 10, 2012, audi, 200, Purchaged) -->
                  <span class="method-name">testcase4_add_expenses</span>
                  <span class="parameters">(13, 10, 2012, audi, 200, Purchaged)</span>
                </div> <!-- method-content -->
              </div> <!-- method -->
              <div class="method">
                <div class="method-content">
                  <a name="testcase5_edit_expenses">
                  </a> <!-- testcase5_edit_expenses -->
                  <span class="method-name">testcase5_edit_expenses</span>
                </div> <!-- method-content -->
              </div> <!-- method -->
              <div class="method">
                <div class="method-content">
                  <a name="testcase6_delete_expenses">
                  </a> <!-- testcase6_delete_expenses -->
                  <span class="method-name">testcase6_delete_expenses</span>
                </div> <!-- method-content -->
              </div> <!-- method -->
              <div class="method">
                <div class="method-content">
                  <a name="testcase7_list_expenses">
                  </a> <!-- testcase7_list_expenses -->
                  <span class="method-name">testcase7_list_expenses</span>
                </div> <!-- method-content -->
              </div> <!-- method -->
              <div class="method">
                <div class="method-content">
                  <a name="testcase8_edit_user_account(pass1, pass2,  )">
                  </a> <!-- testcase8_edit_user_account(pass1, pass2,  ) -->
                  <span class="method-name">testcase8_edit_user_account</span>
                  <span class="parameters">(pass1, pass2,  )</span>
                </div> <!-- method-content -->
              </div> <!-- method -->
              <div class="method">
                <div class="method-content">
                  <a name="testcase8_edit_user_account(pass1 ,  , pass2)">
                  </a> <!-- testcase8_edit_user_account(pass1 ,  , pass2) -->
                  <span class="method-name">testcase8_edit_user_account</span>
                  <span class="parameters">(pass1 ,  , pass2)</span>
                </div> <!-- method-content -->
              </div> <!-- method -->
              <div class="method">
                <div class="method-content">
                  <a name="testcase8_edit_user_account( , pass2, pass2)">
                  </a> <!-- testcase8_edit_user_account( , pass2, pass2) -->
                  <span class="method-name">testcase8_edit_user_account</span>
                  <span class="parameters">( , pass2, pass2)</span>
                </div> <!-- method-content -->
              </div> <!-- method -->
              <div class="method">
                <div class="method-content">
                  <a name="testcase8_edit_user_account(pass1, pass2, pass2)">
                  </a> <!-- testcase8_edit_user_account(pass1, pass2, pass2) -->
                  <span class="method-name">testcase8_edit_user_account</span>
                  <span class="parameters">(pass1, pass2, pass2)</span>
                </div> <!-- method-content -->
              </div> <!-- method -->
              <div class="method">
                <div class="method-content">
                  <a name="testcase8_edit_user_account(pass1, pass2, pass3)">
                  </a> <!-- testcase8_edit_user_account(pass1, pass2, pass3) -->
                  <span class="method-name">testcase8_edit_user_account</span>
                  <span class="parameters">(pass1, pass2, pass3)</span>
                </div> <!-- method-content -->
              </div> <!-- method -->
              <div class="method">
                <div class="method-content">
                  <a name="testcase9_edit_user_name">
                  </a> <!-- testcase9_edit_user_name -->
                  <span class="method-name">testcase9_edit_user_name</span>
                </div> <!-- method-content -->
              </div> <!-- method -->
            </div> <!-- main-panel-content rounded-window-bottom -->
          </div> <!-- suite-User_acceptance_TestSuite-class-skipped -->
        </div> <!-- panel User_acceptance_TestSuite -->
        <div panel-name="test-xml-User_acceptance_TestSuite" class="panel">
          <div class="main-panel-header rounded-window-top">
            <span class="header-content">C:\Users\bennyjose_br\OneDrive - EPAM\TEST PROJECT\TestNGFramework\TestNG.xml</span>
          </div> <!-- main-panel-header rounded-window-top -->
          <div class="main-panel-content rounded-window-bottom">
            <pre>
&lt;?xml version=&quot;1.0&quot; encoding=&quot;UTF-8&quot;?&gt;
&lt;!DOCTYPE suite SYSTEM &quot;http://testng.org/testng-1.0.dtd&quot;&gt;
&lt;suite name=&quot;User acceptance TestSuite&quot; verbose=&quot;0&quot;&gt;
  &lt;test name=&quot;Expense Tracker Validattion&quot;&gt;
    &lt;classes&gt;
      &lt;class name=&quot;testClassPackage.TestClass&quot;/&gt;
      &lt;class name=&quot;testClassPackage.TestClass1&quot;/&gt;
    &lt;/classes&gt;
  &lt;/test&gt; &lt;!-- Expense Tracker Validattion --&gt;
&lt;/suite&gt; &lt;!-- User acceptance TestSuite --&gt;
            </pre>
          </div> <!-- main-panel-content rounded-window-bottom -->
        </div> <!-- panel -->
        <div panel-name="testlist-User_acceptance_TestSuite" class="panel">
          <div class="main-panel-header rounded-window-top">
            <span class="header-content">Tests for User acceptance TestSuite</span>
          </div> <!-- main-panel-header rounded-window-top -->
          <div class="main-panel-content rounded-window-bottom">
            <ul>
              <li>
                <span class="test-name">Expense Tracker Validattion (2 classes)</span>
              </li>
            </ul>
          </div> <!-- main-panel-content rounded-window-bottom -->
        </div> <!-- panel -->
        <div panel-name="group-User_acceptance_TestSuite" class="panel">
          <div class="main-panel-header rounded-window-top">
            <span class="header-content">Groups for User acceptance TestSuite</span>
          </div> <!-- main-panel-header rounded-window-top -->
          <div class="main-panel-content rounded-window-bottom">
          </div> <!-- main-panel-content rounded-window-bottom -->
        </div> <!-- panel -->
        <div panel-name="times-User_acceptance_TestSuite" class="panel">
          <div class="main-panel-header rounded-window-top">
            <span class="header-content">Times for User acceptance TestSuite</span>
          </div> <!-- main-panel-header rounded-window-top -->
          <div class="main-panel-content rounded-window-bottom">
            <div class="times-div">
              <script type="text/javascript">
suiteTableInitFunctions.push('tableData_User_acceptance_TestSuite');
function tableData_User_acceptance_TestSuite() {
var data = new google.visualization.DataTable();
data.addColumn('number', 'Number');
data.addColumn('string', 'Method');
data.addColumn('string', 'Class');
data.addColumn('number', 'Time (ms)');
data.addRows(37);
data.setCell(0, 0, 0)
data.setCell(0, 1, 'testcase1_create_new_user')
data.setCell(0, 2, 'testClassPackage.TestClass')
data.setCell(0, 3, 2036);
data.setCell(1, 0, 1)
data.setCell(1, 1, 'testcase2_login_to_tracker')
data.setCell(1, 2, 'testClassPackage.TestClass')
data.setCell(1, 3, 2032);
data.setCell(2, 0, 2)
data.setCell(2, 1, 'testcase1_create_new_user')
data.setCell(2, 2, 'testClassPackage.TestClass')
data.setCell(2, 3, 2027);
data.setCell(3, 0, 3)
data.setCell(3, 1, 'testcase2_login_to_tracker')
data.setCell(3, 2, 'testClassPackage.TestClass')
data.setCell(3, 3, 2026);
data.setCell(4, 0, 4)
data.setCell(4, 1, 'testcase1_create_new_user')
data.setCell(4, 2, 'testClassPackage.TestClass')
data.setCell(4, 3, 2025);
data.setCell(5, 0, 5)
data.setCell(5, 1, 'testcase2_login_to_tracker')
data.setCell(5, 2, 'testClassPackage.TestClass')
data.setCell(5, 3, 2017);
data.setCell(6, 0, 6)
data.setCell(6, 1, 'testcase3_delete_category')
data.setCell(6, 2, 'testClassPackage.TestClass1')
data.setCell(6, 3, 1);
data.setCell(7, 0, 7)
data.setCell(7, 1, 'testcase8_edit_user_account')
data.setCell(7, 2, 'testClassPackage.TestClass1')
data.setCell(7, 3, 1);
data.setCell(8, 0, 8)
data.setCell(8, 1, 'testcase4_add_expenses')
data.setCell(8, 2, 'testClassPackage.TestClass1')
data.setCell(8, 3, 1);
data.setCell(9, 0, 9)
data.setCell(9, 1, 'testcase1_create_category')
data.setCell(9, 2, 'testClassPackage.TestClass1')
data.setCell(9, 3, 1);
data.setCell(10, 0, 10)
data.setCell(10, 1, 'testcase1_create_category')
data.setCell(10, 2, 'testClassPackage.TestClass1')
data.setCell(10, 3, 0);
data.setCell(11, 0, 11)
data.setCell(11, 1, 'testcase4_add_expenses')
data.setCell(11, 2, 'testClassPackage.TestClass1')
data.setCell(11, 3, 0);
data.setCell(12, 0, 12)
data.setCell(12, 1, 'testcase7_list_expenses')
data.setCell(12, 2, 'testClassPackage.TestClass1')
data.setCell(12, 3, 0);
data.setCell(13, 0, 13)
data.setCell(13, 1, 'testcase6_delete_expenses')
data.setCell(13, 2, 'testClassPackage.TestClass1')
data.setCell(13, 3, 0);
data.setCell(14, 0, 14)
data.setCell(14, 1, 'testcase2_edit_category')
data.setCell(14, 2, 'testClassPackage.TestClass1')
data.setCell(14, 3, 0);
data.setCell(15, 0, 15)
data.setCell(15, 1, 'testcase4_add_expenses')
data.setCell(15, 2, 'testClassPackage.TestClass1')
data.setCell(15, 3, 0);
data.setCell(16, 0, 16)
data.setCell(16, 1, 'testcase8_edit_user_account')
data.setCell(16, 2, 'testClassPackage.TestClass1')
data.setCell(16, 3, 0);
data.setCell(17, 0, 17)
data.setCell(17, 1, 'testcase1_create_category')
data.setCell(17, 2, 'testClassPackage.TestClass1')
data.setCell(17, 3, 0);
data.setCell(18, 0, 18)
data.setCell(18, 1, 'testcase1_create_category')
data.setCell(18, 2, 'testClassPackage.TestClass1')
data.setCell(18, 3, 0);
data.setCell(19, 0, 19)
data.setCell(19, 1, 'testcase8_edit_user_account')
data.setCell(19, 2, 'testClassPackage.TestClass1')
data.setCell(19, 3, 0);
data.setCell(20, 0, 20)
data.setCell(20, 1, 'testcase4_add_expenses')
data.setCell(20, 2, 'testClassPackage.TestClass1')
data.setCell(20, 3, 0);
data.setCell(21, 0, 21)
data.setCell(21, 1, 'testcase5_edit_expenses')
data.setCell(21, 2, 'testClassPackage.TestClass1')
data.setCell(21, 3, 0);
data.setCell(22, 0, 22)
data.setCell(22, 1, 'testcase4_add_expenses')
data.setCell(22, 2, 'testClassPackage.TestClass1')
data.setCell(22, 3, 0);
data.setCell(23, 0, 23)
data.setCell(23, 1, 'testcase9_edit_user_name')
data.setCell(23, 2, 'testClassPackage.TestClass1')
data.setCell(23, 3, 0);
data.setCell(24, 0, 24)
data.setCell(24, 1, 'testcase1_create_category')
data.setCell(24, 2, 'testClassPackage.TestClass1')
data.setCell(24, 3, 0);
data.setCell(25, 0, 25)
data.setCell(25, 1, 'testcase4_add_expenses')
data.setCell(25, 2, 'testClassPackage.TestClass1')
data.setCell(25, 3, 0);
data.setCell(26, 0, 26)
data.setCell(26, 1, 'testcase1_create_category')
data.setCell(26, 2, 'testClassPackage.TestClass1')
data.setCell(26, 3, 0);
data.setCell(27, 0, 27)
data.setCell(27, 1, 'testcase1_create_category')
data.setCell(27, 2, 'testClassPackage.TestClass1')
data.setCell(27, 3, 0);
data.setCell(28, 0, 28)
data.setCell(28, 1, 'testcase4_add_expenses')
data.setCell(28, 2, 'testClassPackage.TestClass1')
data.setCell(28, 3, 0);
data.setCell(29, 0, 29)
data.setCell(29, 1, 'testcase4_add_expenses')
data.setCell(29, 2, 'testClassPackage.TestClass1')
data.setCell(29, 3, 0);
data.setCell(30, 0, 30)
data.setCell(30, 1, 'testcase4_add_expenses')
data.setCell(30, 2, 'testClassPackage.TestClass1')
data.setCell(30, 3, 0);
data.setCell(31, 0, 31)
data.setCell(31, 1, 'testcase8_edit_user_account')
data.setCell(31, 2, 'testClassPackage.TestClass1')
data.setCell(31, 3, 0);
data.setCell(32, 0, 32)
data.setCell(32, 1, 'testcase4_add_expenses')
data.setCell(32, 2, 'testClassPackage.TestClass1')
data.setCell(32, 3, 0);
data.setCell(33, 0, 33)
data.setCell(33, 1, 'testcase4_add_expenses')
data.setCell(33, 2, 'testClassPackage.TestClass1')
data.setCell(33, 3, 0);
data.setCell(34, 0, 34)
data.setCell(34, 1, 'testcase8_edit_user_account')
data.setCell(34, 2, 'testClassPackage.TestClass1')
data.setCell(34, 3, 0);
data.setCell(35, 0, 35)
data.setCell(35, 1, 'testcase1_create_category')
data.setCell(35, 2, 'testClassPackage.TestClass1')
data.setCell(35, 3, 0);
data.setCell(36, 0, 36)
data.setCell(36, 1, 'testcase4_add_expenses')
data.setCell(36, 2, 'testClassPackage.TestClass1')
data.setCell(36, 3, 0);
window.suiteTableData['User_acceptance_TestSuite']= { tableData: data, tableDiv: 'times-div-User_acceptance_TestSuite'}
return data;
}
              </script>
              <span class="suite-total-time">Total running time: 12 seconds</span>
              <div id="times-div-User_acceptance_TestSuite">
              </div> <!-- times-div-User_acceptance_TestSuite -->
            </div> <!-- times-div -->
          </div> <!-- main-panel-content rounded-window-bottom -->
        </div> <!-- panel -->
        <div panel-name="reporter-User_acceptance_TestSuite" class="panel">
          <div class="main-panel-header rounded-window-top">
            <span class="header-content">Reporter output for User acceptance TestSuite</span>
          </div> <!-- main-panel-header rounded-window-top -->
          <div class="main-panel-content rounded-window-bottom">
          </div> <!-- main-panel-content rounded-window-bottom -->
        </div> <!-- panel -->
        <div panel-name="ignored-methods-User_acceptance_TestSuite" class="panel">
          <div class="main-panel-header rounded-window-top">
            <span class="header-content">0 ignored methods</span>
          </div> <!-- main-panel-header rounded-window-top -->
          <div class="main-panel-content rounded-window-bottom">
          </div> <!-- main-panel-content rounded-window-bottom -->
        </div> <!-- panel -->
        <div panel-name="chronological-User_acceptance_TestSuite" class="panel">
          <div class="main-panel-header rounded-window-top">
            <span class="header-content">Methods in chronological order</span>
          </div> <!-- main-panel-header rounded-window-top -->
          <div class="main-panel-content rounded-window-bottom">
            <div class="chronological-class">
              <div class="chronological-class-name">testClassPackage.TestClass</div> <!-- chronological-class-name -->
              <div class="configuration-method before">
                <span class="method-name">SetUp</span>
                <span class="method-start">0 ms</span>
              </div> <!-- configuration-method before -->
              <div class="test-method">
                <img src="failed.png">
                </img>
                <span class="method-name">testcase1_create_new_user(Ramesh, pass1, pass1)</span>
                <span class="method-start">8333 ms</span>
              </div> <!-- test-method -->
              <div class="configuration-method after">
                <span class="method-name">tearDown</span>
                <span class="method-start">10361 ms</span>
              </div> <!-- configuration-method after -->
              <div class="configuration-method before">
                <span class="method-name">SetUp</span>
                <span class="method-start">10519 ms</span>
              </div> <!-- configuration-method before -->
              <div class="test-method">
                <img src="failed.png">
                </img>
                <span class="method-name">testcase1_create_new_user(Ramesh, 1234, 1234)</span>
                <span class="method-start">12585 ms</span>
              </div> <!-- test-method -->
              <div class="configuration-method after">
                <span class="method-name">tearDown</span>
                <span class="method-start">14613 ms</span>
              </div> <!-- configuration-method after -->
              <div class="configuration-method before">
                <span class="method-name">SetUp</span>
                <span class="method-start">14873 ms</span>
              </div> <!-- configuration-method before -->
              <div class="test-method">
                <img src="failed.png">
                </img>
                <span class="method-name">testcase1_create_new_user(Ramesh1, 1234, abcd)</span>
                <span class="method-start">16752 ms</span>
              </div> <!-- test-method -->
              <div class="configuration-method after">
                <span class="method-name">tearDown</span>
                <span class="method-start">18789 ms</span>
              </div> <!-- configuration-method after -->
              <div class="configuration-method before">
                <span class="method-name">SetUp</span>
                <span class="method-start">19005 ms</span>
              </div> <!-- configuration-method before -->
              <div class="test-method">
                <img src="failed.png">
                </img>
                <span class="method-name">testcase2_login_to_tracker(Ramesh, pass1)</span>
                <span class="method-start">20920 ms</span>
              </div> <!-- test-method -->
              <div class="configuration-method after">
                <span class="method-name">tearDown</span>
                <span class="method-start">22952 ms</span>
              </div> <!-- configuration-method after -->
              <div class="configuration-method before">
                <span class="method-name">SetUp</span>
                <span class="method-start">23101 ms</span>
              </div> <!-- configuration-method before -->
              <div class="test-method">
                <img src="failed.png">
                </img>
                <span class="method-name">testcase2_login_to_tracker(wrongusername, pass1)</span>
                <span class="method-start">25132 ms</span>
              </div> <!-- test-method -->
              <div class="configuration-method after">
                <span class="method-name">tearDown</span>
                <span class="method-start">27149 ms</span>
              </div> <!-- configuration-method after -->
              <div class="configuration-method before">
                <span class="method-name">SetUp</span>
                <span class="method-start">27283 ms</span>
              </div> <!-- configuration-method before -->
              <div class="test-method">
                <img src="failed.png">
                </img>
                <span class="method-name">testcase2_login_to_tracker(Ramesh, wrongpassword)</span>
                <span class="method-start">29108 ms</span>
              </div> <!-- test-method -->
              <div class="configuration-method after">
                <span class="method-name">tearDown</span>
                <span class="method-start">31134 ms</span>
              </div> <!-- configuration-method after -->
            </div> <!-- chronological-class -->
            <div class="chronological-class">
              <div class="chronological-class-name">testClassPackage.TestClass1</div> <!-- chronological-class-name -->
              <div class="configuration-class before">
                <img src="failed.png">
                </img>
                <span class="method-name">SetUp</span>
                <span class="method-start">31316 ms</span>
              </div> <!-- configuration-class before -->
              <div class="test-method">
                <span class="method-name">testcase1_create_category(bmw)</span>
                <span class="method-start">38337 ms</span>
              </div> <!-- test-method -->
              <div class="test-method">
                <span class="method-name">testcase1_create_category(honda)</span>
                <span class="method-start">38337 ms</span>
              </div> <!-- test-method -->
              <div class="test-method">
                <span class="method-name">testcase1_create_category(audi)</span>
                <span class="method-start">38338 ms</span>
              </div> <!-- test-method -->
              <div class="test-method">
                <span class="method-name">testcase1_create_category(benz)</span>
                <span class="method-start">38338 ms</span>
              </div> <!-- test-method -->
              <div class="test-method">
                <span class="method-name">testcase1_create_category(Home loan)</span>
                <span class="method-start">38338 ms</span>
              </div> <!-- test-method -->
              <div class="test-method">
                <span class="method-name">testcase1_create_category(education loan)</span>
                <span class="method-start">38338 ms</span>
              </div> <!-- test-method -->
              <div class="test-method">
                <span class="method-name">testcase1_create_category(school fee)</span>
                <span class="method-start">38338 ms</span>
              </div> <!-- test-method -->
              <div class="test-method">
                <span class="method-name">testcase1_create_category(hostel fee)</span>
                <span class="method-start">38338 ms</span>
              </div> <!-- test-method -->
              <div class="test-method">
                <span class="method-name">testcase2_edit_category</span>
                <span class="method-start">38338 ms</span>
              </div> <!-- test-method -->
              <div class="test-method">
                <span class="method-name">testcase3_delete_category</span>
                <span class="method-start">38338 ms</span>
              </div> <!-- test-method -->
              <div class="test-method">
                <span class="method-name">testcase4_add_expenses(13, 10, 2000, honda, 200, Purchaged)</span>
                <span class="method-start">38339 ms</span>
              </div> <!-- test-method -->
              <div class="test-method">
                <span class="method-name">testcase4_add_expenses(13, 10, 2000, bmw, 200, Purchaged)</span>
                <span class="method-start">38339 ms</span>
              </div> <!-- test-method -->
              <div class="test-method">
                <span class="method-name">testcase4_add_expenses(13, 10, 2000, audi, 200, Purchaged)</span>
                <span class="method-start">38339 ms</span>
              </div> <!-- test-method -->
              <div class="test-method">
                <span class="method-name">testcase4_add_expenses(13, 11, 2010, benz, 200, Purchaged)</span>
                <span class="method-start">38340 ms</span>
              </div> <!-- test-method -->
              <div class="test-method">
                <span class="method-name">testcase4_add_expenses(13, 11, 2010, school fee, 200, Barrowed)</span>
                <span class="method-start">38340 ms</span>
              </div> <!-- test-method -->
              <div class="test-method">
                <span class="method-name">testcase4_add_expenses(13, 11, 2010, education loan, 200, Barrowed)</span>
                <span class="method-start">38340 ms</span>
              </div> <!-- test-method -->
              <div class="test-method">
                <span class="method-name">testcase4_add_expenses(13, 12, 2011, school fee, 200, Paid)</span>
                <span class="method-start">38340 ms</span>
              </div> <!-- test-method -->
              <div class="test-method">
                <span class="method-name">testcase4_add_expenses(13, 12, 2011, hostel fee, 200, Paid)</span>
                <span class="method-start">38340 ms</span>
              </div> <!-- test-method -->
              <div class="test-method">
                <span class="method-name">testcase4_add_expenses(13, 10, 2012, honda, 200, Purchaged)</span>
                <span class="method-start">38341 ms</span>
              </div> <!-- test-method -->
              <div class="test-method">
                <span class="method-name">testcase4_add_expenses(13, 10, 2012, bmw, 200, Purchaged)</span>
                <span class="method-start">38341 ms</span>
              </div> <!-- test-method -->
              <div class="test-method">
                <span class="method-name">testcase4_add_expenses(13, 10, 2012, audi, 200, Purchaged)</span>
                <span class="method-start">38341 ms</span>
              </div> <!-- test-method -->
              <div class="test-method">
                <span class="method-name">testcase4_add_expenses(13, 11, 2013, benz, 200, Purchaged)</span>
                <span class="method-start">38341 ms</span>
              </div> <!-- test-method -->
              <div class="test-method">
                <span class="method-name">testcase5_edit_expenses</span>
                <span class="method-start">38341 ms</span>
              </div> <!-- test-method -->
              <div class="test-method">
                <span class="method-name">testcase6_delete_expenses</span>
                <span class="method-start">38341 ms</span>
              </div> <!-- test-method -->
              <div class="test-method">
                <span class="method-name">testcase7_list_expenses</span>
                <span class="method-start">38341 ms</span>
              </div> <!-- test-method -->
              <div class="test-method">
                <span class="method-name">testcase8_edit_user_account(pass1 ,  , pass2)</span>
                <span class="method-start">38341 ms</span>
              </div> <!-- test-method -->
              <div class="test-method">
                <span class="method-name">testcase8_edit_user_account(pass1, pass2,  )</span>
                <span class="method-start">38342 ms</span>
              </div> <!-- test-method -->
              <div class="test-method">
                <span class="method-name">testcase8_edit_user_account( , pass2, pass2)</span>
                <span class="method-start">38342 ms</span>
              </div> <!-- test-method -->
              <div class="test-method">
                <span class="method-name">testcase8_edit_user_account(pass1, pass2, pass3)</span>
                <span class="method-start">38342 ms</span>
              </div> <!-- test-method -->
              <div class="test-method">
                <span class="method-name">testcase8_edit_user_account(pass1, pass2, pass2)</span>
                <span class="method-start">38342 ms</span>
              </div> <!-- test-method -->
              <div class="test-method">
                <span class="method-name">testcase9_edit_user_name</span>
                <span class="method-start">38342 ms</span>
              </div> <!-- test-method -->
          </div> <!-- main-panel-content rounded-window-bottom -->
        </div> <!-- panel -->
      </div> <!-- main-panel-root -->
    </div> <!-- wrapper -->
  </body>
</html>
